#
# A fatal error has been detected by the Java Runtime Environment:
#
#  EXCEPTION_ACCESS_VIOLATION (0xc0000005) at pc=0x00007ffbb2262501, pid=3844, tid=7576
#
# JRE version: OpenJDK Runtime Environment Corretto-11.0.17.8.1 (11.0.17+8) (build 11.0.17+8-LTS)
# Java VM: OpenJDK 64-Bit Server VM Corretto-11.0.17.8.1 (11.0.17+8-LTS, mixed mode, tiered, compressed oops, g1 gc, windows-amd64)
# Problematic frame:
# V  [jvm.dll+0x242501]
#
# No core dump will be written. Minidumps are not enabled by default on client versions of Windows
#
# If you would like to submit a bug report, please visit:
#   https://github.com/corretto/corretto-11/issues/
#

---------------  S U M M A R Y ------------

Command Line: --add-opens=java.base/java.util=ALL-UNNAMED --add-opens=java.base/java.lang=ALL-UNNAMED --add-opens=java.base/java.lang.invoke=ALL-UNNAMED --add-opens=java.base/java.util=ALL-UNNAMED --add-opens=java.prefs/java.util.prefs=ALL-UNNAMED --add-opens=java.prefs/java.util.prefs=ALL-UNNAMED --add-opens=java.base/java.nio.charset=ALL-UNNAMED --add-opens=java.base/java.net=ALL-UNNAMED --add-opens=java.base/java.util.concurrent.atomic=ALL-UNNAMED -XX:MaxMetaspaceSize=256m -XX:+HeapDumpOnOutOfMemoryError -Xms256m -Xmx512m -Dfile.encoding=x-windows-949 -Duser.country=KR -Duser.language=ko -Duser.variant org.gradle.launcher.daemon.bootstrap.GradleDaemon 7.5

Host: Intel(R) Core(TM) i7-10700 CPU @ 2.90GHz, 16 cores, 15G,  Windows 11 , 64 bit Build 22000 (10.0.22000.1219)
Time: Tue Nov 22 11:04:50 2022  Windows 11 , 64 bit Build 22000 (10.0.22000.1219) elapsed time: 15.663439 seconds (0d 0h 0m 15s)

---------------  T H R E A D  ---------------

Current thread (0x0000028d24b19000):  GCTaskThread "GC Thread#1" [stack: 0x000000ef02a00000,0x000000ef02b00000] [id=7576]

Stack: [0x000000ef02a00000,0x000000ef02b00000],  sp=0x000000ef02affae0,  free space=1022k
Native frames: (J=compiled Java code, j=interpreted, Vv=VM code, C=native code)
V  [jvm.dll+0x242501]
V  [jvm.dll+0x2e4928]
V  [jvm.dll+0x2e8f55]
V  [jvm.dll+0x7dd350]
V  [jvm.dll+0x7682b4]
V  [jvm.dll+0x61e4d5]
C  [ucrtbase.dll+0x26c0c]
C  [KERNEL32.DLL+0x15550]
C  [ntdll.dll+0x485b]


siginfo: EXCEPTION_ACCESS_VIOLATION (0xc0000005), reading address 0x000000000000000d


Register to memory mapping:

RIP=0x00007ffbb2262501 jvm.dll
RAX=0x000000000000001a is an unknown value
RBX=0x0000000000000005 is an unknown value
RCX=0x000000000000000d is an unknown value
RDX=0x0000028d0511b5b0 points into unknown readable memory: 0x0000000000010104 | 04 01 01 00 00 00 00 00
RSP=0x000000ef02affae0 points into unknown readable memory: 0x000000000000001d | 1d 00 00 00 00 00 00 00
RBP=0x000000ef02affb60 points into unknown readable memory: 0x0000000000000000 | 00 00 00 00 00 00 00 00
RSI=0x0000000000000004 is an unknown value
RDI=0x0000028d0510d500 points into unknown readable memory: 0x00007ffbb28d4e08 | 08 4e 8d b2 fb 7f 00 00
R8 =0x0 is NULL
R9 =0x0000000000000028 is an unknown value
R10=0x0000000000000018 is an unknown value
R11=0x0000028d2506b980 points into unknown readable memory: 0x00007ffbb28dabe0 | e0 ab 8d b2 fb 7f 00 00
R12=0x000000ef02affbd0 points into unknown readable memory: 0x00000000e9654bf1 | f1 4b 65 e9 00 00 00 00
R13=0x0 is NULL
R14=0x0000028d2506b9a8 points into unknown readable memory: 0x00000004368259c9 | c9 59 82 36 04 00 00 00
R15=0x0000000000000008 is an unknown value


Registers:
RAX=0x000000000000001a, RBX=0x0000000000000005, RCX=0x000000000000000d, RDX=0x0000028d0511b5b0
RSP=0x000000ef02affae0, RBP=0x000000ef02affb60, RSI=0x0000000000000004, RDI=0x0000028d0510d500
R8 =0x0000000000000000, R9 =0x0000000000000028, R10=0x0000000000000018, R11=0x0000028d2506b980
R12=0x000000ef02affbd0, R13=0x0000000000000000, R14=0x0000028d2506b9a8, R15=0x0000000000000008
RIP=0x00007ffbb2262501, EFLAGS=0x0000000000010297

Top of Stack: (sp=0x000000ef02affae0)
0x000000ef02affae0:   000000000000001d 00000000ee4a1670
0x000000ef02affaf0:   0000000000000035 00000000e9519088
0x000000ef02affb00:   000000000000de47 00007ffbb23299bf
0x000000ef02affb10:   000000000000de47 0000f7e10000fe87
0x000000ef02affb20:   00000000e9519078 0000f6770000ee53
0x000000ef02affb30:   00010c780000de45 00010c790000de45
0x000000ef02affb40:   00010c7a0000de46 0000000000000000
0x000000ef02affb50:   0000028d0510d500 0000000000000000
0x000000ef02affb60:   0000000000000000 0000028d23c9b910
0x000000ef02affb70:   00000000000003d8 0000028d23c9b920
0x000000ef02affb80:   000000ef02affc40 00007ffbb2304928
0x000000ef02affb90:   00010c790000de47 00000000e9654bf0
0x000000ef02affba0:   0000028d0510d500 0000028d2506b810
0x000000ef02affbb0:   0000028d2506b810 0000028d23c9b910
0x000000ef02affbc0:   0000000000000004 00007ffbb2308f55
0x000000ef02affbd0:   00000000e9654bf1 0000028d232efdb0 

Instructions: (pc=0x00007ffbb2262501)
0x00007ffbb2262401:   0d c6 85 8a 00 65 48 8b 04 25 58 00 00 00 48 89
0x00007ffbb2262411:   74 24 40 4c 89 74 24 48 41 be 08 00 00 00 48 8d
0x00007ffbb2262421:   34 c8 8b 05 0b a5 86 00 85 c0 7e 29 80 3d c5 a1
0x00007ffbb2262431:   86 00 00 75 20 48 8b 0e 45 33 c0 49 8b 0c 0e 41
0x00007ffbb2262441:   8d 50 01 e8 a7 ba 3d 00 ff c3 8b c3 48 3b 05 94
0x00007ffbb2262451:   be 86 00 72 cd 48 8b 74 24 40 4c 8b 74 24 48 b1
0x00007ffbb2262461:   01 e8 a9 2b 00 00 48 8b cd e8 51 dd 3a 00 48 8b
0x00007ffbb2262471:   4f 08 48 81 c1 30 06 00 00 e8 71 80 53 00 48 8b
0x00007ffbb2262481:   6c 24 38 48 8b 5c 24 30 0f b6 05 69 a1 86 00 48
0x00007ffbb2262491:   83 c4 20 5f c3 cc cc cc cc cc cc cc cc cc cc 80
0x00007ffbb22624a1:   b9 68 01 00 00 00 0f 85 c3 04 f5 ff c3 cc cc 48
0x00007ffbb22624b1:   8b 81 28 01 00 00 c3 cc cc cc cc cc cc cc cc 48
0x00007ffbb22624c1:   89 5c 24 10 48 89 74 24 18 48 89 7c 24 20 55 41
0x00007ffbb22624d1:   54 41 55 41 56 41 57 48 8b ec 48 81 ec 80 00 00
0x00007ffbb22624e1:   00 45 33 ed 48 8b f9 8b 49 08 4d 8b e1 4d 8b f0
0x00007ffbb22624f1:   8b f2 45 8b fd 8d 04 09 85 c0 0f 84 13 02 00 00
0x00007ffbb2262501:   83 f9 02 0f 86 6a 01 00 00 66 0f 1f 44 00 00 49
0x00007ffbb2262511:   8b ce e8 48 73 50 00 33 d2 f7 77 08 8b da 3b d6
0x00007ffbb2262521:   74 ed 8b d6 3b d6 74 04 3b d3 75 0f 49 8b ce e8
0x00007ffbb2262531:   2b 73 50 00 33 d2 f7 77 08 eb e9 48 8b 47 10 4c
0x00007ffbb2262541:   8d 0c dd 00 00 00 00 49 8b 0c 01 8b 81 80 00 00
0x00007ffbb2262551:   00 44 8b 01 44 2b c0 8b c2 41 81 e0 ff ff 01 00
0x00007ffbb2262561:   4c 8d 14 c5 00 00 00 00 48 8b 47 10 49 8b 0c 02
0x00007ffbb2262571:   8b 81 80 00 00 00 8b 11 2b d0 48 8b 47 10 81 e2
0x00007ffbb2262581:   ff ff 01 00 81 fa ff ff 01 00 41 0f 44 d5 41 81
0x00007ffbb2262591:   f8 ff ff 01 00 45 0f 44 c5 41 3b d0 76 6c 49 8b
0x00007ffbb22625a1:   14 02 48 8b 82 80 00 00 00 8b 0a 48 89 45 b0 8b
0x00007ffbb22625b1:   45 b0 2b c8 81 e1 ff ff 01 00 81 f9 ff ff 01 00
0x00007ffbb22625c1:   41 0f 44 cd 85 c9 75 07 32 c0 e9 2e 01 00 00 8b
0x00007ffbb22625d1:   4d b0 48 8b 82 88 00 00 00 48 8b 0c c8 48 8b 5d
0x00007ffbb22625e1:   b0 48 89 5d 30 49 89 0c 24 8d 43 01 25 ff ff 01
0x00007ffbb22625f1:   00 89 45 30 75 03 ff 45 34 48 8b 4d 30 48 89 4d 


Stack slot to memory mapping:
stack at sp + 0 slots: 0x000000000000001d is an unknown value
stack at sp + 1 slots: 0x00000000ee4a1670 is an oop: java.util.LinkedList$Node 
{0x00000000ee4a1670} - klass: 'java/util/LinkedList$Node'
stack at sp + 2 slots: 0x0000000000000035 is an unknown value
stack at sp + 3 slots: 
[error occurred during error reporting (inspecting top of stack), id 0xc0000005, EXCEPTION_ACCESS_VIOLATION (0xc0000005) at pc=0x00007ffbb21b3e06]


---------------  P R O C E S S  ---------------

Threads class SMR info:
_java_thread_list=0x0000028d29a4b3b0, length=48, elements={
0x0000028d05102000, 0x0000028d2332e000, 0x0000028d23336800, 0x0000028d23c46800,
0x0000028d23c48000, 0x0000028d23c49000, 0x0000028d23c54000, 0x0000028d23c58800,
0x0000028d23c68000, 0x0000028d23dff800, 0x0000028d25e0d800, 0x0000028d2687c800,
0x0000028d260a3000, 0x0000028d24b94800, 0x0000028d24b95800, 0x0000028d26327800,
0x0000028d26243800, 0x0000028d24d26800, 0x0000028d259e4800, 0x0000028d26078000,
0x0000028d25dd6800, 0x0000028d25dd4000, 0x0000028d25dd3000, 0x0000028d25dd1000,
0x0000028d25dd5000, 0x0000028d25dd5800, 0x0000028d25dd1800, 0x0000028d25dd7800,
0x0000028d25dd2800, 0x0000028d2958e800, 0x0000028d2958c000, 0x0000028d2958f000,
0x0000028d29590000, 0x0000028d2958a800, 0x0000028d2958d000, 0x0000028d29591000,
0x0000028d2958d800, 0x0000028d2958b000, 0x0000028d29596800, 0x0000028d29594000,
0x0000028d29595000, 0x0000028d29596000, 0x0000028d29597800, 0x0000028d29591800,
0x0000028d29598000, 0x0000028d29592800, 0x0000028d29599000, 0x0000028d265e1000
}

Java Threads: ( => current thread )
  0x0000028d05102000 JavaThread "main" [_thread_blocked, id=16012, stack(0x000000ef01500000,0x000000ef01600000)]
  0x0000028d2332e000 JavaThread "Reference Handler" daemon [_thread_blocked, id=10984, stack(0x000000ef01c00000,0x000000ef01d00000)]
  0x0000028d23336800 JavaThread "Finalizer" daemon [_thread_blocked, id=3008, stack(0x000000ef01d00000,0x000000ef01e00000)]
  0x0000028d23c46800 JavaThread "Signal Dispatcher" daemon [_thread_blocked, id=10920, stack(0x000000ef01e00000,0x000000ef01f00000)]
  0x0000028d23c48000 JavaThread "Attach Listener" daemon [_thread_blocked, id=10160, stack(0x000000ef01f00000,0x000000ef02000000)]
  0x0000028d23c49000 JavaThread "Service Thread" daemon [_thread_blocked, id=10056, stack(0x000000ef02000000,0x000000ef02100000)]
  0x0000028d23c54000 JavaThread "C2 CompilerThread0" daemon [_thread_blocked, id=9660, stack(0x000000ef02100000,0x000000ef02200000)]
  0x0000028d23c58800 JavaThread "C1 CompilerThread0" daemon [_thread_blocked, id=8668, stack(0x000000ef02200000,0x000000ef02300000)]
  0x0000028d23c68000 JavaThread "Sweeper thread" daemon [_thread_blocked, id=6196, stack(0x000000ef02300000,0x000000ef02400000)]
  0x0000028d23dff800 JavaThread "Common-Cleaner" daemon [_thread_blocked, id=17272, stack(0x000000ef02500000,0x000000ef02600000)]
  0x0000028d25e0d800 JavaThread "Daemon health stats" [_thread_blocked, id=18124, stack(0x000000ef03000000,0x000000ef03100000)]
  0x0000028d2687c800 JavaThread "Incoming local TCP Connector on port 56794" [_thread_in_native, id=16796, stack(0x000000ef03100000,0x000000ef03200000)]
  0x0000028d260a3000 JavaThread "Daemon periodic checks" [_thread_blocked, id=3352, stack(0x000000ef03200000,0x000000ef03300000)]
  0x0000028d24b94800 JavaThread "Daemon" [_thread_blocked, id=9760, stack(0x000000ef03300000,0x000000ef03400000)]
  0x0000028d24b95800 JavaThread "Handler for socket connection from /127.0.0.1:56794 to /127.0.0.1:56795" [_thread_in_native, id=4736, stack(0x000000ef03400000,0x000000ef03500000)]
  0x0000028d26327800 JavaThread "Cancel handler" [_thread_blocked, id=15172, stack(0x000000ef03500000,0x000000ef03600000)]
  0x0000028d26243800 JavaThread "Daemon worker" [_thread_blocked, id=3856, stack(0x000000ef03600000,0x000000ef03700000)]
  0x0000028d24d26800 JavaThread "Asynchronous log dispatcher for DefaultDaemonConnection: socket connection from /127.0.0.1:56794 to /127.0.0.1:56795" [_thread_blocked, id=12360, stack(0x000000ef03700000,0x000000ef03800000)]
  0x0000028d259e4800 JavaThread "Stdin handler" [_thread_blocked, id=18172, stack(0x000000ef03800000,0x000000ef03900000)]
  0x0000028d26078000 JavaThread "Daemon client event forwarder" [_thread_blocked, id=6640, stack(0x000000ef03900000,0x000000ef03a00000)]
  0x0000028d25dd6800 JavaThread "Cache worker for journal cache (C:\Users\namhyunwoo\.gradle\caches\journal-1)" [_thread_blocked, id=17604, stack(0x000000ef03a00000,0x000000ef03b00000)]
  0x0000028d25dd4000 JavaThread "File lock request listener" [_thread_in_native, id=8924, stack(0x000000ef03b00000,0x000000ef03c00000)]
  0x0000028d25dd3000 JavaThread "Cache worker for file hash cache (C:\Users\namhyunwoo\.gradle\caches\7.5\fileHashes)" [_thread_blocked, id=12092, stack(0x000000ef04500000,0x000000ef04600000)]
  0x0000028d25dd1000 JavaThread "File watcher server" daemon [_thread_in_native, id=8860, stack(0x000000ef04600000,0x000000ef04700000)]
  0x0000028d25dd5000 JavaThread "File watcher consumer" daemon [_thread_blocked, id=1308, stack(0x000000ef04700000,0x000000ef04800000)]
  0x0000028d25dd5800 JavaThread "jar transforms" [_thread_blocked, id=4656, stack(0x000000ef02800000,0x000000ef02900000)]
  0x0000028d25dd1800 JavaThread "jar transforms Thread 2" [_thread_blocked, id=17556, stack(0x000000ef02900000,0x000000ef02a00000)]
  0x0000028d25dd7800 JavaThread "jar transforms Thread 3" [_thread_blocked, id=2508, stack(0x000000ef04800000,0x000000ef04900000)]
  0x0000028d25dd2800 JavaThread "jar transforms Thread 4" [_thread_blocked, id=12064, stack(0x000000ef04900000,0x000000ef04a00000)]
  0x0000028d2958e800 JavaThread "jar transforms Thread 5" [_thread_blocked, id=10448, stack(0x000000ef04a00000,0x000000ef04b00000)]
  0x0000028d2958c000 JavaThread "jar transforms Thread 6" [_thread_blocked, id=11128, stack(0x000000ef04b00000,0x000000ef04c00000)]
  0x0000028d2958f000 JavaThread "jar transforms Thread 7" [_thread_blocked, id=6820, stack(0x000000ef04c00000,0x000000ef04d00000)]
  0x0000028d29590000 JavaThread "jar transforms Thread 8" [_thread_blocked, id=12212, stack(0x000000ef04d00000,0x000000ef04e00000)]
  0x0000028d2958a800 JavaThread "jar transforms Thread 9" [_thread_blocked, id=11284, stack(0x000000ef04e00000,0x000000ef04f00000)]
  0x0000028d2958d000 JavaThread "jar transforms Thread 10" [_thread_blocked, id=2308, stack(0x000000ef04f00000,0x000000ef05000000)]
  0x0000028d29591000 JavaThread "jar transforms Thread 11" [_thread_blocked, id=1568, stack(0x000000ef05000000,0x000000ef05100000)]
  0x0000028d2958d800 JavaThread "jar transforms Thread 12" [_thread_blocked, id=5748, stack(0x000000ef05100000,0x000000ef05200000)]
  0x0000028d2958b000 JavaThread "jar transforms Thread 13" [_thread_blocked, id=8456, stack(0x000000ef05200000,0x000000ef05300000)]
  0x0000028d29596800 JavaThread "jar transforms Thread 14" [_thread_blocked, id=4172, stack(0x000000ef05300000,0x000000ef05400000)]
  0x0000028d29594000 JavaThread "jar transforms Thread 15" [_thread_blocked, id=8880, stack(0x000000ef05400000,0x000000ef05500000)]
  0x0000028d29595000 JavaThread "jar transforms Thread 16" [_thread_blocked, id=6368, stack(0x000000ef05500000,0x000000ef05600000)]
  0x0000028d29596000 JavaThread "Cache worker for checksums cache (D:\D\GIT\bootLab\.gradle\7.5\checksums)" [_thread_blocked, id=4364, stack(0x000000ef05700000,0x000000ef05800000)]
  0x0000028d29597800 JavaThread "Cache worker for cache directory md-rule (C:\Users\namhyunwoo\.gradle\caches\7.5\md-rule)" [_thread_blocked, id=11864, stack(0x000000ef05800000,0x000000ef05900000)]
  0x0000028d29591800 JavaThread "Cache worker for file content cache (C:\Users\namhyunwoo\.gradle\caches\7.5\fileContent)" [_thread_blocked, id=6716, stack(0x000000ef05900000,0x000000ef05a00000)]
  0x0000028d29598000 JavaThread "Cache worker for file hash cache (D:\D\GIT\bootLab\.gradle\7.5\fileHashes)" [_thread_blocked, id=10000, stack(0x000000ef05a00000,0x000000ef05b00000)]
  0x0000028d29592800 JavaThread "Cache worker for cache directory md-supplier (C:\Users\namhyunwoo\.gradle\caches\7.5\md-supplier)" [_thread_blocked, id=18004, stack(0x000000ef05b00000,0x000000ef05c00000)]
  0x0000028d29599000 JavaThread "Cache worker for execution history cache (C:\Users\namhyunwoo\.gradle\caches\7.5\executionHistory)" [_thread_blocked, id=11764, stack(0x000000ef05c00000,0x000000ef05d00000)]
  0x0000028d265e1000 JavaThread "C1 CompilerThread1" daemon [_thread_blocked, id=9996, stack(0x000000ef02400000,0x000000ef02500000)]

Other Threads:
  0x0000028d2330b800 VMThread "VM Thread" [stack: 0x000000ef01b00000,0x000000ef01c00000] [id=13724]
  0x0000028d23e16800 WatcherThread [stack: 0x000000ef02700000,0x000000ef02800000] [id=1844]
  0x0000028d04f4e800 GCTaskThread "GC Thread#0" [stack: 0x000000ef01600000,0x000000ef01700000] [id=17240]
=>0x0000028d24b19000 GCTaskThread "GC Thread#1" [stack: 0x000000ef02a00000,0x000000ef02b00000] [id=7576]
  0x0000028d252e1000 GCTaskThread "GC Thread#2" [stack: 0x000000ef02b00000,0x000000ef02c00000] [id=2832]
  0x0000028d25436000 GCTaskThread "GC Thread#3" [stack: 0x000000ef02c00000,0x000000ef02d00000] [id=9496]
  0x0000028d25436800 GCTaskThread "GC Thread#4" [stack: 0x000000ef02d00000,0x000000ef02e00000] [id=4876]
  0x0000028d2483c800 GCTaskThread "GC Thread#5" [stack: 0x000000ef02e00000,0x000000ef02f00000] [id=1712]
  0x0000028d25c2c800 GCTaskThread "GC Thread#6" [stack: 0x000000ef03c00000,0x000000ef03d00000] [id=6060]
  0x0000028d25a82000 GCTaskThread "GC Thread#7" [stack: 0x000000ef03d00000,0x000000ef03e00000] [id=12744]
  0x0000028d25a83000 GCTaskThread "GC Thread#8" [stack: 0x000000ef03e00000,0x000000ef03f00000] [id=4740]
  0x0000028d25d84800 GCTaskThread "GC Thread#9" [stack: 0x000000ef03f00000,0x000000ef04000000] [id=6008]
  0x0000028d25d85000 GCTaskThread "GC Thread#10" [stack: 0x000000ef04000000,0x000000ef04100000] [id=14244]
  0x0000028d261c4800 GCTaskThread "GC Thread#11" [stack: 0x000000ef04100000,0x000000ef04200000] [id=8600]
  0x0000028d261c5000 GCTaskThread "GC Thread#12" [stack: 0x000000ef04200000,0x000000ef04300000] [id=13720]
  0x0000028d0512b000 ConcurrentGCThread "G1 Main Marker" [stack: 0x000000ef01700000,0x000000ef01800000] [id=11192]
  0x0000028d0512c000 ConcurrentGCThread "G1 Conc#0" [stack: 0x000000ef01800000,0x000000ef01900000] [id=7772]
  0x0000028d2794f800 ConcurrentGCThread "G1 Conc#1" [stack: 0x000000ef04300000,0x000000ef04400000] [id=2316]
  0x0000028d262c6800 ConcurrentGCThread "G1 Conc#2" [stack: 0x000000ef04400000,0x000000ef04500000] [id=2296]
  0x0000028d231a6800 ConcurrentGCThread "G1 Refine#0" [stack: 0x000000ef01900000,0x000000ef01a00000] [id=4396]
  0x0000028d231a9000 ConcurrentGCThread "G1 Young RemSet Sampling" [stack: 0x000000ef01a00000,0x000000ef01b00000] [id=7684]

Threads with active compile tasks:

VM state:at safepoint (normal execution)

VM Mutex/Monitor currently owned by a thread:  ([mutex/lock_event])
[0x0000028d050ffcb0] Threads_lock - owner thread: 0x0000028d2330b800
[0x0000028d050ff0e0] Heap_lock - owner thread: 0x0000028d29596800

Heap address: 0x00000000e0000000, size: 512 MB, Compressed Oops mode: 32-bit
Narrow klass base: 0x0000000000000000, Narrow klass shift: 3
Compressed class space size: 260046848 Address: 0x0000000100000000

Heap:
 garbage-first heap   total 266240K, used 231363K [0x00000000e0000000, 0x0000000100000000)
  region size 1024K, 103 young (105472K), 7 survivors (7168K)
 Metaspace       used 51198K, capacity 52556K, committed 52784K, reserved 301056K
  class space    used 6477K, capacity 6992K, committed 7040K, reserved 253952K
Heap Regions: E=young(eden), S=young(survivor), O=old, HS=humongous(starts), HC=humongous(continues), CS=collection set, F=free, A=archive, TAMS=top-at-mark-start (previous, next)
|   0|0x00000000e0000000, 0x00000000e0100000, 0x00000000e0100000|100%| O|  |TAMS 0x00000000e0100000, 0x00000000e0000000| Untracked 
|   1|0x00000000e0100000, 0x00000000e0200000, 0x00000000e0200000|100%| O|  |TAMS 0x00000000e0200000, 0x00000000e0100000| Untracked 
|   2|0x00000000e0200000, 0x00000000e0300000, 0x00000000e0300000|100%| O|  |TAMS 0x00000000e0300000, 0x00000000e0200000| Untracked 
|   3|0x00000000e0300000, 0x00000000e0400000, 0x00000000e0400000|100%|HS|  |TAMS 0x00000000e0400000, 0x00000000e0300000| Complete 
|   4|0x00000000e0400000, 0x00000000e0500000, 0x00000000e0500000|100%|HC|  |TAMS 0x00000000e0500000, 0x00000000e0400000| Complete 
|   5|0x00000000e0500000, 0x00000000e0600000, 0x00000000e0600000|100%|HC|  |TAMS 0x00000000e0600000, 0x00000000e0500000| Complete 
|   6|0x00000000e0600000, 0x00000000e0700000, 0x00000000e0700000|100%| O|  |TAMS 0x00000000e0700000, 0x00000000e0600000| Complete 
|   7|0x00000000e0700000, 0x00000000e0800000, 0x00000000e0800000|100%| O|  |TAMS 0x00000000e0800000, 0x00000000e0700000| Untracked 
|   8|0x00000000e0800000, 0x00000000e0900000, 0x00000000e0900000|100%| O|  |TAMS 0x00000000e0900000, 0x00000000e0800000| Untracked 
|   9|0x00000000e0900000, 0x00000000e0a00000, 0x00000000e0a00000|100%| O|  |TAMS 0x00000000e0a00000, 0x00000000e0900000| Untracked 
|  10|0x00000000e0a00000, 0x00000000e0b00000, 0x00000000e0b00000|100%| O|  |TAMS 0x00000000e0b00000, 0x00000000e0a00000| Untracked 
|  11|0x00000000e0b00000, 0x00000000e0c00000, 0x00000000e0c00000|100%| O|  |TAMS 0x00000000e0c00000, 0x00000000e0b00000| Untracked 
|  12|0x00000000e0c00000, 0x00000000e0d00000, 0x00000000e0d00000|100%| O|  |TAMS 0x00000000e0d00000, 0x00000000e0c00000| Complete 
|  13|0x00000000e0d00000, 0x00000000e0e00000, 0x00000000e0e00000|100%| O|  |TAMS 0x00000000e0e00000, 0x00000000e0d00000| Untracked 
|  14|0x00000000e0e00000, 0x00000000e0f00000, 0x00000000e0f00000|100%| O|  |TAMS 0x00000000e0f00000, 0x00000000e0e00000| Untracked 
|  15|0x00000000e0f00000, 0x00000000e1000000, 0x00000000e1000000|100%| O|  |TAMS 0x00000000e1000000, 0x00000000e0f00000| Untracked 
|  16|0x00000000e1000000, 0x00000000e1100000, 0x00000000e1100000|100%| O|  |TAMS 0x00000000e1100000, 0x00000000e1000000| Untracked 
|  17|0x00000000e1100000, 0x00000000e1200000, 0x00000000e1200000|100%|HS|  |TAMS 0x00000000e1200000, 0x00000000e1100000| Complete 
|  18|0x00000000e1200000, 0x00000000e1300000, 0x00000000e1300000|100%|HC|  |TAMS 0x00000000e1300000, 0x00000000e1200000| Complete 
|  19|0x00000000e1300000, 0x00000000e1400000, 0x00000000e1400000|100%|HS|  |TAMS 0x00000000e1400000, 0x00000000e1300000| Complete 
|  20|0x00000000e1400000, 0x00000000e1500000, 0x00000000e1500000|100%|HC|  |TAMS 0x00000000e1500000, 0x00000000e1400000| Complete 
|  21|0x00000000e1500000, 0x00000000e1600000, 0x00000000e1600000|100%|HC|  |TAMS 0x00000000e1600000, 0x00000000e1500000| Complete 
|  22|0x00000000e1600000, 0x00000000e1700000, 0x00000000e1700000|100%|HS|  |TAMS 0x00000000e1700000, 0x00000000e1600000| Complete 
|  23|0x00000000e1700000, 0x00000000e1800000, 0x00000000e1800000|100%|HC|  |TAMS 0x00000000e1800000, 0x00000000e1700000| Complete 
|  24|0x00000000e1800000, 0x00000000e1900000, 0x00000000e1900000|100%|HC|  |TAMS 0x00000000e1900000, 0x00000000e1800000| Complete 
|  25|0x00000000e1900000, 0x00000000e1a00000, 0x00000000e1a00000|100%|HS|  |TAMS 0x00000000e1a00000, 0x00000000e1900000| Complete 
|  26|0x00000000e1a00000, 0x00000000e1b00000, 0x00000000e1b00000|100%|HC|  |TAMS 0x00000000e1b00000, 0x00000000e1a00000| Complete 
|  27|0x00000000e1b00000, 0x00000000e1c00000, 0x00000000e1c00000|100%|HS|  |TAMS 0x00000000e1c00000, 0x00000000e1b00000| Complete 
|  28|0x00000000e1c00000, 0x00000000e1d00000, 0x00000000e1d00000|100%|HC|  |TAMS 0x00000000e1d00000, 0x00000000e1c00000| Complete 
|  29|0x00000000e1d00000, 0x00000000e1e00000, 0x00000000e1e00000|100%|HC|  |TAMS 0x00000000e1e00000, 0x00000000e1d00000| Complete 
|  30|0x00000000e1e00000, 0x00000000e1f00000, 0x00000000e1f00000|100%|HC|  |TAMS 0x00000000e1f00000, 0x00000000e1e00000| Complete 
|  31|0x00000000e1f00000, 0x00000000e2000000, 0x00000000e2000000|100%|HC|  |TAMS 0x00000000e2000000, 0x00000000e1f00000| Complete 
|  32|0x00000000e2000000, 0x00000000e2100000, 0x00000000e2100000|100%|HC|  |TAMS 0x00000000e2100000, 0x00000000e2000000| Complete 
|  33|0x00000000e2100000, 0x00000000e2200000, 0x00000000e2200000|100%|HC|  |TAMS 0x00000000e2200000, 0x00000000e2100000| Complete 
|  34|0x00000000e2200000, 0x00000000e2300000, 0x00000000e2300000|100%|HC|  |TAMS 0x00000000e2300000, 0x00000000e2200000| Complete 
|  35|0x00000000e2300000, 0x00000000e2400000, 0x00000000e2400000|100%|HC|  |TAMS 0x00000000e2400000, 0x00000000e2300000| Complete 
|  36|0x00000000e2400000, 0x00000000e2500000, 0x00000000e2500000|100%|HC|  |TAMS 0x00000000e2500000, 0x00000000e2400000| Complete 
|  37|0x00000000e2500000, 0x00000000e2600000, 0x00000000e2600000|100%|HC|  |TAMS 0x00000000e2600000, 0x00000000e2500000| Complete 
|  38|0x00000000e2600000, 0x00000000e2700000, 0x00000000e2700000|100%|HS|  |TAMS 0x00000000e2700000, 0x00000000e2600000| Complete 
|  39|0x00000000e2700000, 0x00000000e2800000, 0x00000000e2800000|100%|HC|  |TAMS 0x00000000e2800000, 0x00000000e2700000| Complete 
|  40|0x00000000e2800000, 0x00000000e2900000, 0x00000000e2900000|100%|HS|  |TAMS 0x00000000e2900000, 0x00000000e2800000| Complete 
|  41|0x00000000e2900000, 0x00000000e2a00000, 0x00000000e2a00000|100%|HC|  |TAMS 0x00000000e2a00000, 0x00000000e2900000| Complete 
|  42|0x00000000e2a00000, 0x00000000e2b00000, 0x00000000e2b00000|100%|HC|  |TAMS 0x00000000e2b00000, 0x00000000e2a00000| Complete 
|  43|0x00000000e2b00000, 0x00000000e2c00000, 0x00000000e2c00000|100%|HC|  |TAMS 0x00000000e2c00000, 0x00000000e2b00000| Complete 
|  44|0x00000000e2c00000, 0x00000000e2d00000, 0x00000000e2d00000|100%|HC|  |TAMS 0x00000000e2d00000, 0x00000000e2c00000| Complete 
|  45|0x00000000e2d00000, 0x00000000e2e00000, 0x00000000e2e00000|100%| O|  |TAMS 0x00000000e2e00000, 0x00000000e2d00000| Untracked 
|  46|0x00000000e2e00000, 0x00000000e2f00000, 0x00000000e2f00000|100%| O|  |TAMS 0x00000000e2f00000, 0x00000000e2e00000| Complete 
|  47|0x00000000e2f00000, 0x00000000e3000000, 0x00000000e3000000|100%| O|  |TAMS 0x00000000e3000000, 0x00000000e2f00000| Complete 
|  48|0x00000000e3000000, 0x00000000e3100000, 0x00000000e3100000|100%| O|  |TAMS 0x00000000e3100000, 0x00000000e3000000| Untracked 
|  49|0x00000000e3100000, 0x00000000e3200000, 0x00000000e3200000|100%| O|  |TAMS 0x00000000e3200000, 0x00000000e3100000| Untracked 
|  50|0x00000000e3200000, 0x00000000e3300000, 0x00000000e3300000|100%| O|  |TAMS 0x00000000e3300000, 0x00000000e3200000| Complete 
|  51|0x00000000e3300000, 0x00000000e3400000, 0x00000000e3400000|100%| O|  |TAMS 0x00000000e3400000, 0x00000000e3300000| Complete 
|  52|0x00000000e3400000, 0x00000000e3500000, 0x00000000e3500000|100%| O|  |TAMS 0x00000000e3500000, 0x00000000e3400000| Untracked 
|  53|0x00000000e3500000, 0x00000000e3600000, 0x00000000e3600000|100%| O|  |TAMS 0x00000000e3600000, 0x00000000e3500000| Untracked 
|  54|0x00000000e3600000, 0x00000000e3700000, 0x00000000e3700000|100%| O|  |TAMS 0x00000000e3700000, 0x00000000e3600000| Untracked 
|  55|0x00000000e3700000, 0x00000000e3800000, 0x00000000e3800000|100%| O|  |TAMS 0x00000000e3800000, 0x00000000e3700000| Untracked 
|  56|0x00000000e3800000, 0x00000000e3900000, 0x00000000e3900000|100%| O|  |TAMS 0x00000000e3900000, 0x00000000e3800000| Complete 
|  57|0x00000000e3900000, 0x00000000e3a00000, 0x00000000e3a00000|100%| O|  |TAMS 0x00000000e3a00000, 0x00000000e3900000| Complete 
|  58|0x00000000e3a00000, 0x00000000e3b00000, 0x00000000e3b00000|100%|HS|  |TAMS 0x00000000e3a00000, 0x00000000e3a00000| Complete 
|  59|0x00000000e3b00000, 0x00000000e3c00000, 0x00000000e3c00000|100%| O|  |TAMS 0x00000000e3c00000, 0x00000000e3b00000| Complete 
|  60|0x00000000e3c00000, 0x00000000e3d00000, 0x00000000e3d00000|100%|HS|  |TAMS 0x00000000e3c00000, 0x00000000e3c00000| Complete 
|  61|0x00000000e3d00000, 0x00000000e3e00000, 0x00000000e3e00000|100%| O|  |TAMS 0x00000000e3e00000, 0x00000000e3d00000| Complete 
|  62|0x00000000e3e00000, 0x00000000e3f00000, 0x00000000e3f00000|100%|HS|  |TAMS 0x00000000e3f00000, 0x00000000e3e00000| Complete 
|  63|0x00000000e3f00000, 0x00000000e4000000, 0x00000000e4000000|100%|HC|  |TAMS 0x00000000e4000000, 0x00000000e3f00000| Complete 
|  64|0x00000000e4000000, 0x00000000e4100000, 0x00000000e4100000|100%|HC|  |TAMS 0x00000000e4100000, 0x00000000e4000000| Complete 
|  65|0x00000000e4100000, 0x00000000e4200000, 0x00000000e4200000|100%|HC|  |TAMS 0x00000000e4200000, 0x00000000e4100000| Complete 
|  66|0x00000000e4200000, 0x00000000e4300000, 0x00000000e4300000|100%|HC|  |TAMS 0x00000000e4300000, 0x00000000e4200000| Complete 
|  67|0x00000000e4300000, 0x00000000e4400000, 0x00000000e4400000|100%|HC|  |TAMS 0x00000000e4400000, 0x00000000e4300000| Complete 
|  68|0x00000000e4400000, 0x00000000e4500000, 0x00000000e4500000|100%| O|  |TAMS 0x00000000e4500000, 0x00000000e4400000| Untracked 
|  69|0x00000000e4500000, 0x00000000e4600000, 0x00000000e4600000|100%| O|  |TAMS 0x00000000e4600000, 0x00000000e4500000| Untracked 
|  70|0x00000000e4600000, 0x00000000e4700000, 0x00000000e4700000|100%| O|  |TAMS 0x00000000e4700000, 0x00000000e4600000| Untracked 
|  71|0x00000000e4700000, 0x00000000e4800000, 0x00000000e4800000|100%| O|  |TAMS 0x00000000e4800000, 0x00000000e4700000| Untracked 
|  72|0x00000000e4800000, 0x00000000e4900000, 0x00000000e4900000|100%| O|  |TAMS 0x00000000e4900000, 0x00000000e4800000| Untracked 
|  73|0x00000000e4900000, 0x00000000e4a00000, 0x00000000e4a00000|100%| O|  |TAMS 0x00000000e4a00000, 0x00000000e4900000| Untracked 
|  74|0x00000000e4a00000, 0x00000000e4b00000, 0x00000000e4b00000|100%| O|  |TAMS 0x00000000e4b00000, 0x00000000e4a00000| Untracked 
|  75|0x00000000e4b00000, 0x00000000e4c00000, 0x00000000e4c00000|100%| O|  |TAMS 0x00000000e4c00000, 0x00000000e4b00000| Complete 
|  76|0x00000000e4c00000, 0x00000000e4d00000, 0x00000000e4d00000|100%|HS|  |TAMS 0x00000000e4d00000, 0x00000000e4c00000| Complete 
|  77|0x00000000e4d00000, 0x00000000e4e00000, 0x00000000e4e00000|100%|HS|  |TAMS 0x00000000e4d00000, 0x00000000e4d00000| Complete 
|  78|0x00000000e4e00000, 0x00000000e4f00000, 0x00000000e4f00000|100%|HC|  |TAMS 0x00000000e4e00000, 0x00000000e4e00000| Complete 
|  79|0x00000000e4f00000, 0x00000000e5000000, 0x00000000e5000000|100%|HS|  |TAMS 0x00000000e5000000, 0x00000000e4f00000| Complete 
|  80|0x00000000e5000000, 0x00000000e5100000, 0x00000000e5100000|100%|HC|  |TAMS 0x00000000e5100000, 0x00000000e5000000| Complete 
|  81|0x00000000e5100000, 0x00000000e5200000, 0x00000000e5200000|100%|HS|  |TAMS 0x00000000e5200000, 0x00000000e5100000| Complete 
|  82|0x00000000e5200000, 0x00000000e5300000, 0x00000000e5300000|100%|HC|  |TAMS 0x00000000e5300000, 0x00000000e5200000| Complete 
|  83|0x00000000e5300000, 0x00000000e5400000, 0x00000000e5400000|100%| O|  |TAMS 0x00000000e5400000, 0x00000000e5300000| Complete 
|  84|0x00000000e5400000, 0x00000000e5500000, 0x00000000e5500000|100%|HS|  |TAMS 0x00000000e5500000, 0x00000000e5400000| Complete 
|  85|0x00000000e5500000, 0x00000000e5600000, 0x00000000e5600000|100%| O|  |TAMS 0x00000000e5600000, 0x00000000e5500000| Complete 
|  86|0x00000000e5600000, 0x00000000e5700000, 0x00000000e5700000|100%| O|  |TAMS 0x00000000e5700000, 0x00000000e5600000| Complete 
|  87|0x00000000e5700000, 0x00000000e5800000, 0x00000000e5800000|100%| O|  |TAMS 0x00000000e5800000, 0x00000000e5700000| Complete 
|  88|0x00000000e5800000, 0x00000000e5900000, 0x00000000e5900000|100%| O|  |TAMS 0x00000000e5900000, 0x00000000e5800000| Complete 
|  89|0x00000000e5900000, 0x00000000e5a00000, 0x00000000e5a00000|100%| O|  |TAMS 0x00000000e5a00000, 0x00000000e5900000| Complete 
|  90|0x00000000e5a00000, 0x00000000e5b00000, 0x00000000e5b00000|100%| O|  |TAMS 0x00000000e5b00000, 0x00000000e5a00000| Complete 
|  91|0x00000000e5b00000, 0x00000000e5c00000, 0x00000000e5c00000|100%| O|  |TAMS 0x00000000e5c00000, 0x00000000e5b00000| Complete 
|  92|0x00000000e5c00000, 0x00000000e5d00000, 0x00000000e5d00000|100%| O|  |TAMS 0x00000000e5d00000, 0x00000000e5c00000| Complete 
|  93|0x00000000e5d00000, 0x00000000e5e00000, 0x00000000e5e00000|100%| O|  |TAMS 0x00000000e5e00000, 0x00000000e5d00000| Complete 
|  94|0x00000000e5e00000, 0x00000000e5f00000, 0x00000000e5f00000|100%| O|  |TAMS 0x00000000e5f00000, 0x00000000e5e00000| Complete 
|  95|0x00000000e5f00000, 0x00000000e6000000, 0x00000000e6000000|100%| O|  |TAMS 0x00000000e6000000, 0x00000000e5f00000| Complete 
|  96|0x00000000e6000000, 0x00000000e6100000, 0x00000000e6100000|100%| O|  |TAMS 0x00000000e6100000, 0x00000000e6000000| Complete 
|  97|0x00000000e6100000, 0x00000000e6200000, 0x00000000e6200000|100%| O|  |TAMS 0x00000000e6200000, 0x00000000e6100000| Complete 
|  98|0x00000000e6200000, 0x00000000e6300000, 0x00000000e6300000|100%| O|  |TAMS 0x00000000e6300000, 0x00000000e6200000| Complete 
|  99|0x00000000e6300000, 0x00000000e6400000, 0x00000000e6400000|100%| O|  |TAMS 0x00000000e6400000, 0x00000000e6300000| Complete 
| 100|0x00000000e6400000, 0x00000000e6500000, 0x00000000e6500000|100%| O|  |TAMS 0x00000000e6500000, 0x00000000e6400000| Complete 
| 101|0x00000000e6500000, 0x00000000e6600000, 0x00000000e6600000|100%|HS|  |TAMS 0x00000000e6600000, 0x00000000e6500000| Complete 
| 102|0x00000000e6600000, 0x00000000e6700000, 0x00000000e6700000|100%| O|  |TAMS 0x00000000e6700000, 0x00000000e6600000| Complete 
| 103|0x00000000e6700000, 0x00000000e6800000, 0x00000000e6800000|100%| O|  |TAMS 0x00000000e6800000, 0x00000000e6700000| Complete 
| 104|0x00000000e6800000, 0x00000000e6900000, 0x00000000e6900000|100%| O|  |TAMS 0x00000000e6900000, 0x00000000e6800000| Complete 
| 105|0x00000000e6900000, 0x00000000e6a00000, 0x00000000e6a00000|100%| O|  |TAMS 0x00000000e6a00000, 0x00000000e6900000| Complete 
| 106|0x00000000e6a00000, 0x00000000e6b00000, 0x00000000e6b00000|100%| O|  |TAMS 0x00000000e6b00000, 0x00000000e6a00000| Untracked 
| 107|0x00000000e6b00000, 0x00000000e6c00000, 0x00000000e6c00000|100%| O|  |TAMS 0x00000000e6b97a00, 0x00000000e6b00000| Untracked 
| 108|0x00000000e6c00000, 0x00000000e6d00000, 0x00000000e6d00000|100%|HS|  |TAMS 0x00000000e6c00000, 0x00000000e6c00000| Complete 
| 109|0x00000000e6d00000, 0x00000000e6e00000, 0x00000000e6e00000|100%|HC|  |TAMS 0x00000000e6d00000, 0x00000000e6d00000| Complete 
| 110|0x00000000e6e00000, 0x00000000e6f00000, 0x00000000e6f00000|100%|HS|  |TAMS 0x00000000e6f00000, 0x00000000e6e00000| Complete 
| 111|0x00000000e6f00000, 0x00000000e7000000, 0x00000000e7000000|100%|HC|  |TAMS 0x00000000e7000000, 0x00000000e6f00000| Complete 
| 112|0x00000000e7000000, 0x00000000e7100000, 0x00000000e7100000|100%|HC|  |TAMS 0x00000000e7100000, 0x00000000e7000000| Complete 
| 113|0x00000000e7100000, 0x00000000e7200000, 0x00000000e7200000|100%|HC|  |TAMS 0x00000000e7200000, 0x00000000e7100000| Complete 
| 114|0x00000000e7200000, 0x00000000e7300000, 0x00000000e7300000|100%|HC|  |TAMS 0x00000000e7300000, 0x00000000e7200000| Complete 
| 115|0x00000000e7300000, 0x00000000e7400000, 0x00000000e7400000|100%|HC|  |TAMS 0x00000000e7400000, 0x00000000e7300000| Complete 
| 116|0x00000000e7400000, 0x00000000e7500000, 0x00000000e7500000|100%|HC|  |TAMS 0x00000000e7500000, 0x00000000e7400000| Complete 
| 117|0x00000000e7500000, 0x00000000e7600000, 0x00000000e7600000|100%|HC|  |TAMS 0x00000000e7600000, 0x00000000e7500000| Complete 
| 118|0x00000000e7600000, 0x00000000e7700000, 0x00000000e7700000|100%|HC|  |TAMS 0x00000000e7700000, 0x00000000e7600000| Complete 
| 119|0x00000000e7700000, 0x00000000e7800000, 0x00000000e7800000|100%|HC|  |TAMS 0x00000000e7800000, 0x00000000e7700000| Complete 
| 120|0x00000000e7800000, 0x00000000e7900000, 0x00000000e7900000|100%|HC|  |TAMS 0x00000000e7900000, 0x00000000e7800000| Complete 
| 121|0x00000000e7900000, 0x00000000e7a00000, 0x00000000e7a00000|100%|HS|  |TAMS 0x00000000e7900000, 0x00000000e7900000| Complete 
| 122|0x00000000e7a00000, 0x00000000e7b00000, 0x00000000e7b00000|100%|HS|  |TAMS 0x00000000e7a00000, 0x00000000e7a00000| Complete 
| 123|0x00000000e7b00000, 0x00000000e7bf7e38, 0x00000000e7c00000| 96%| O|  |TAMS 0x00000000e7b00000, 0x00000000e7b00000| Untracked 
| 124|0x00000000e7c00000, 0x00000000e7c00000, 0x00000000e7d00000|  0%| F|  |TAMS 0x00000000e7c00000, 0x00000000e7c00000| Untracked 
| 125|0x00000000e7d00000, 0x00000000e7d00000, 0x00000000e7e00000|  0%| F|  |TAMS 0x00000000e7d00000, 0x00000000e7d00000| Untracked 
| 126|0x00000000e7e00000, 0x00000000e7e00000, 0x00000000e7f00000|  0%| F|  |TAMS 0x00000000e7e00000, 0x00000000e7e00000| Untracked 
| 127|0x00000000e7f00000, 0x00000000e7f00000, 0x00000000e8000000|  0%| F|  |TAMS 0x00000000e7f00000, 0x00000000e7f00000| Untracked 
| 128|0x00000000e8000000, 0x00000000e8000000, 0x00000000e8100000|  0%| F|  |TAMS 0x00000000e8000000, 0x00000000e8000000| Untracked 
| 129|0x00000000e8100000, 0x00000000e8100000, 0x00000000e8200000|  0%| F|  |TAMS 0x00000000e8100000, 0x00000000e8100000| Untracked 
| 130|0x00000000e8200000, 0x00000000e8200000, 0x00000000e8300000|  0%| F|  |TAMS 0x00000000e8200000, 0x00000000e8200000| Untracked 
| 131|0x00000000e8300000, 0x00000000e8300000, 0x00000000e8400000|  0%| F|  |TAMS 0x00000000e8300000, 0x00000000e8300000| Untracked 
| 132|0x00000000e8400000, 0x00000000e8400000, 0x00000000e8500000|  0%| F|  |TAMS 0x00000000e8400000, 0x00000000e8400000| Untracked 
| 133|0x00000000e8500000, 0x00000000e8500000, 0x00000000e8600000|  0%| F|  |TAMS 0x00000000e8500000, 0x00000000e8500000| Untracked 
| 134|0x00000000e8600000, 0x00000000e8600000, 0x00000000e8700000|  0%| F|  |TAMS 0x00000000e8600000, 0x00000000e8600000| Untracked 
| 135|0x00000000e8700000, 0x00000000e8700000, 0x00000000e8800000|  0%| F|  |TAMS 0x00000000e8700000, 0x00000000e8700000| Untracked 
| 136|0x00000000e8800000, 0x00000000e8800000, 0x00000000e8900000|  0%| F|  |TAMS 0x00000000e8800000, 0x00000000e8800000| Untracked 
| 137|0x00000000e8900000, 0x00000000e8900000, 0x00000000e8a00000|  0%| F|  |TAMS 0x00000000e8900000, 0x00000000e8900000| Untracked 
| 138|0x00000000e8a00000, 0x00000000e8a00000, 0x00000000e8b00000|  0%| F|  |TAMS 0x00000000e8a00000, 0x00000000e8a00000| Untracked 
| 139|0x00000000e8b00000, 0x00000000e8b00000, 0x00000000e8c00000|  0%| F|  |TAMS 0x00000000e8b00000, 0x00000000e8b00000| Untracked 
| 140|0x00000000e8c00000, 0x00000000e8c00000, 0x00000000e8d00000|  0%| F|  |TAMS 0x00000000e8c00000, 0x00000000e8c00000| Untracked 
| 141|0x00000000e8d00000, 0x00000000e8d00000, 0x00000000e8e00000|  0%| F|  |TAMS 0x00000000e8d00000, 0x00000000e8d00000| Untracked 
| 142|0x00000000e8e00000, 0x00000000e8e00000, 0x00000000e8f00000|  0%| F|  |TAMS 0x00000000e8e00000, 0x00000000e8e00000| Untracked 
| 143|0x00000000e8f00000, 0x00000000e8f00000, 0x00000000e9000000|  0%| F|  |TAMS 0x00000000e8f00000, 0x00000000e8f00000| Untracked 
| 144|0x00000000e9000000, 0x00000000e9000000, 0x00000000e9100000|  0%| F|  |TAMS 0x00000000e9000000, 0x00000000e9000000| Untracked 
| 145|0x00000000e9100000, 0x00000000e9100000, 0x00000000e9200000|  0%| F|  |TAMS 0x00000000e9100000, 0x00000000e9100000| Untracked 
| 146|0x00000000e9200000, 0x00000000e9200000, 0x00000000e9300000|  0%| F|  |TAMS 0x00000000e9200000, 0x00000000e9200000| Untracked 
| 147|0x00000000e9300000, 0x00000000e9300000, 0x00000000e9400000|  0%| F|  |TAMS 0x00000000e9300000, 0x00000000e9300000| Untracked 
| 148|0x00000000e9400000, 0x00000000e9400000, 0x00000000e9500000|  0%| F|  |TAMS 0x00000000e9400000, 0x00000000e9400000| Untracked 
| 149|0x00000000e9500000, 0x00000000e954afb8, 0x00000000e9600000| 29%| S|  |TAMS 0x00000000e9500000, 0x00000000e9500000| Complete 
| 150|0x00000000e9600000, 0x00000000e9700000, 0x00000000e9700000|100%| S|  |TAMS 0x00000000e9600000, 0x00000000e9600000| Complete 
| 151|0x00000000e9700000, 0x00000000e9800000, 0x00000000e9800000|100%| S|  |TAMS 0x00000000e9700000, 0x00000000e9700000| Complete 
| 152|0x00000000e9800000, 0x00000000e9900000, 0x00000000e9900000|100%| S|  |TAMS 0x00000000e9800000, 0x00000000e9800000| Complete 
| 153|0x00000000e9900000, 0x00000000e9a00000, 0x00000000e9a00000|100%| S|  |TAMS 0x00000000e9900000, 0x00000000e9900000| Complete 
| 154|0x00000000e9a00000, 0x00000000e9b00000, 0x00000000e9b00000|100%| S|  |TAMS 0x00000000e9a00000, 0x00000000e9a00000| Complete 
| 155|0x00000000e9b00000, 0x00000000e9c00000, 0x00000000e9c00000|100%| S|  |TAMS 0x00000000e9b00000, 0x00000000e9b00000| Complete 
| 156|0x00000000e9c00000, 0x00000000e9d00000, 0x00000000e9d00000|100%| E|CS|TAMS 0x00000000e9c00000, 0x00000000e9c00000| Complete 
| 157|0x00000000e9d00000, 0x00000000e9e00000, 0x00000000e9e00000|100%| E|CS|TAMS 0x00000000e9d00000, 0x00000000e9d00000| Complete 
| 158|0x00000000e9e00000, 0x00000000e9f00000, 0x00000000e9f00000|100%| E|CS|TAMS 0x00000000e9e00000, 0x00000000e9e00000| Complete 
| 159|0x00000000e9f00000, 0x00000000ea000000, 0x00000000ea000000|100%| E|CS|TAMS 0x00000000e9f00000, 0x00000000e9f00000| Complete 
| 160|0x00000000ea000000, 0x00000000ea100000, 0x00000000ea100000|100%| E|CS|TAMS 0x00000000ea000000, 0x00000000ea000000| Complete 
| 161|0x00000000ea100000, 0x00000000ea200000, 0x00000000ea200000|100%| E|CS|TAMS 0x00000000ea100000, 0x00000000ea100000| Complete 
| 162|0x00000000ea200000, 0x00000000ea300000, 0x00000000ea300000|100%| E|CS|TAMS 0x00000000ea200000, 0x00000000ea200000| Complete 
| 163|0x00000000ea300000, 0x00000000ea400000, 0x00000000ea400000|100%| E|CS|TAMS 0x00000000ea300000, 0x00000000ea300000| Complete 
| 164|0x00000000ea400000, 0x00000000ea500000, 0x00000000ea500000|100%| E|CS|TAMS 0x00000000ea400000, 0x00000000ea400000| Complete 
| 165|0x00000000ea500000, 0x00000000ea600000, 0x00000000ea600000|100%| E|CS|TAMS 0x00000000ea500000, 0x00000000ea500000| Complete 
| 166|0x00000000ea600000, 0x00000000ea700000, 0x00000000ea700000|100%| E|CS|TAMS 0x00000000ea600000, 0x00000000ea600000| Complete 
| 167|0x00000000ea700000, 0x00000000ea800000, 0x00000000ea800000|100%| E|CS|TAMS 0x00000000ea700000, 0x00000000ea700000| Complete 
| 168|0x00000000ea800000, 0x00000000ea900000, 0x00000000ea900000|100%| E|CS|TAMS 0x00000000ea800000, 0x00000000ea800000| Complete 
| 169|0x00000000ea900000, 0x00000000eaa00000, 0x00000000eaa00000|100%| E|CS|TAMS 0x00000000ea900000, 0x00000000ea900000| Complete 
| 170|0x00000000eaa00000, 0x00000000eab00000, 0x00000000eab00000|100%| E|CS|TAMS 0x00000000eaa00000, 0x00000000eaa00000| Complete 
| 171|0x00000000eab00000, 0x00000000eac00000, 0x00000000eac00000|100%| E|CS|TAMS 0x00000000eab00000, 0x00000000eab00000| Complete 
| 172|0x00000000eac00000, 0x00000000ead00000, 0x00000000ead00000|100%| E|CS|TAMS 0x00000000eac00000, 0x00000000eac00000| Complete 
| 173|0x00000000ead00000, 0x00000000eae00000, 0x00000000eae00000|100%| E|CS|TAMS 0x00000000ead00000, 0x00000000ead00000| Complete 
| 174|0x00000000eae00000, 0x00000000eaf00000, 0x00000000eaf00000|100%| E|CS|TAMS 0x00000000eae00000, 0x00000000eae00000| Complete 
| 175|0x00000000eaf00000, 0x00000000eb000000, 0x00000000eb000000|100%| E|CS|TAMS 0x00000000eaf00000, 0x00000000eaf00000| Complete 
| 176|0x00000000eb000000, 0x00000000eb100000, 0x00000000eb100000|100%| E|CS|TAMS 0x00000000eb000000, 0x00000000eb000000| Complete 
| 177|0x00000000eb100000, 0x00000000eb200000, 0x00000000eb200000|100%| E|CS|TAMS 0x00000000eb100000, 0x00000000eb100000| Complete 
| 178|0x00000000eb200000, 0x00000000eb300000, 0x00000000eb300000|100%| E|CS|TAMS 0x00000000eb200000, 0x00000000eb200000| Complete 
| 179|0x00000000eb300000, 0x00000000eb400000, 0x00000000eb400000|100%| E|CS|TAMS 0x00000000eb300000, 0x00000000eb300000| Complete 
| 180|0x00000000eb400000, 0x00000000eb500000, 0x00000000eb500000|100%| E|CS|TAMS 0x00000000eb400000, 0x00000000eb400000| Complete 
| 181|0x00000000eb500000, 0x00000000eb600000, 0x00000000eb600000|100%| E|CS|TAMS 0x00000000eb500000, 0x00000000eb500000| Complete 
| 182|0x00000000eb600000, 0x00000000eb700000, 0x00000000eb700000|100%| E|CS|TAMS 0x00000000eb600000, 0x00000000eb600000| Complete 
| 183|0x00000000eb700000, 0x00000000eb800000, 0x00000000eb800000|100%| E|CS|TAMS 0x00000000eb700000, 0x00000000eb700000| Complete 
| 184|0x00000000eb800000, 0x00000000eb900000, 0x00000000eb900000|100%| E|CS|TAMS 0x00000000eb800000, 0x00000000eb800000| Complete 
| 185|0x00000000eb900000, 0x00000000eba00000, 0x00000000eba00000|100%| E|CS|TAMS 0x00000000eb900000, 0x00000000eb900000| Complete 
| 186|0x00000000eba00000, 0x00000000ebb00000, 0x00000000ebb00000|100%| E|CS|TAMS 0x00000000eba00000, 0x00000000eba00000| Complete 
| 187|0x00000000ebb00000, 0x00000000ebc00000, 0x00000000ebc00000|100%| E|CS|TAMS 0x00000000ebb00000, 0x00000000ebb00000| Complete 
| 188|0x00000000ebc00000, 0x00000000ebd00000, 0x00000000ebd00000|100%| E|CS|TAMS 0x00000000ebc00000, 0x00000000ebc00000| Complete 
| 189|0x00000000ebd00000, 0x00000000ebe00000, 0x00000000ebe00000|100%| E|CS|TAMS 0x00000000ebd00000, 0x00000000ebd00000| Complete 
| 190|0x00000000ebe00000, 0x00000000ebf00000, 0x00000000ebf00000|100%| E|CS|TAMS 0x00000000ebe00000, 0x00000000ebe00000| Complete 
| 191|0x00000000ebf00000, 0x00000000ec000000, 0x00000000ec000000|100%| E|CS|TAMS 0x00000000ebf00000, 0x00000000ebf00000| Complete 
| 192|0x00000000ec000000, 0x00000000ec100000, 0x00000000ec100000|100%| E|CS|TAMS 0x00000000ec000000, 0x00000000ec000000| Complete 
| 193|0x00000000ec100000, 0x00000000ec200000, 0x00000000ec200000|100%| E|CS|TAMS 0x00000000ec100000, 0x00000000ec100000| Complete 
| 194|0x00000000ec200000, 0x00000000ec300000, 0x00000000ec300000|100%| E|CS|TAMS 0x00000000ec200000, 0x00000000ec200000| Complete 
| 195|0x00000000ec300000, 0x00000000ec400000, 0x00000000ec400000|100%| E|CS|TAMS 0x00000000ec300000, 0x00000000ec300000| Complete 
| 196|0x00000000ec400000, 0x00000000ec500000, 0x00000000ec500000|100%| E|CS|TAMS 0x00000000ec400000, 0x00000000ec400000| Complete 
| 197|0x00000000ec500000, 0x00000000ec600000, 0x00000000ec600000|100%| E|CS|TAMS 0x00000000ec500000, 0x00000000ec500000| Complete 
| 198|0x00000000ec600000, 0x00000000ec700000, 0x00000000ec700000|100%| E|CS|TAMS 0x00000000ec600000, 0x00000000ec600000| Complete 
| 199|0x00000000ec700000, 0x00000000ec800000, 0x00000000ec800000|100%| E|CS|TAMS 0x00000000ec700000, 0x00000000ec700000| Complete 
| 200|0x00000000ec800000, 0x00000000ec900000, 0x00000000ec900000|100%| E|CS|TAMS 0x00000000ec800000, 0x00000000ec800000| Complete 
| 201|0x00000000ec900000, 0x00000000eca00000, 0x00000000eca00000|100%| E|CS|TAMS 0x00000000ec900000, 0x00000000ec900000| Complete 
| 202|0x00000000eca00000, 0x00000000ecb00000, 0x00000000ecb00000|100%| E|CS|TAMS 0x00000000eca00000, 0x00000000eca00000| Complete 
| 203|0x00000000ecb00000, 0x00000000ecc00000, 0x00000000ecc00000|100%| E|CS|TAMS 0x00000000ecb00000, 0x00000000ecb00000| Complete 
| 204|0x00000000ecc00000, 0x00000000ecd00000, 0x00000000ecd00000|100%| E|CS|TAMS 0x00000000ecc00000, 0x00000000ecc00000| Complete 
| 205|0x00000000ecd00000, 0x00000000ece00000, 0x00000000ece00000|100%| E|CS|TAMS 0x00000000ecd00000, 0x00000000ecd00000| Complete 
| 206|0x00000000ece00000, 0x00000000ecf00000, 0x00000000ecf00000|100%| E|CS|TAMS 0x00000000ece00000, 0x00000000ece00000| Complete 
| 207|0x00000000ecf00000, 0x00000000ed000000, 0x00000000ed000000|100%| E|CS|TAMS 0x00000000ecf00000, 0x00000000ecf00000| Complete 
| 208|0x00000000ed000000, 0x00000000ed100000, 0x00000000ed100000|100%| E|CS|TAMS 0x00000000ed000000, 0x00000000ed000000| Complete 
| 209|0x00000000ed100000, 0x00000000ed200000, 0x00000000ed200000|100%| E|CS|TAMS 0x00000000ed100000, 0x00000000ed100000| Complete 
| 210|0x00000000ed200000, 0x00000000ed300000, 0x00000000ed300000|100%| E|CS|TAMS 0x00000000ed200000, 0x00000000ed200000| Complete 
| 211|0x00000000ed300000, 0x00000000ed400000, 0x00000000ed400000|100%| E|CS|TAMS 0x00000000ed300000, 0x00000000ed300000| Complete 
| 212|0x00000000ed400000, 0x00000000ed500000, 0x00000000ed500000|100%| E|CS|TAMS 0x00000000ed400000, 0x00000000ed400000| Complete 
| 213|0x00000000ed500000, 0x00000000ed600000, 0x00000000ed600000|100%| E|CS|TAMS 0x00000000ed500000, 0x00000000ed500000| Complete 
| 214|0x00000000ed600000, 0x00000000ed700000, 0x00000000ed700000|100%| E|CS|TAMS 0x00000000ed600000, 0x00000000ed600000| Complete 
| 215|0x00000000ed700000, 0x00000000ed800000, 0x00000000ed800000|100%| E|CS|TAMS 0x00000000ed700000, 0x00000000ed700000| Complete 
| 216|0x00000000ed800000, 0x00000000ed900000, 0x00000000ed900000|100%| E|CS|TAMS 0x00000000ed800000, 0x00000000ed800000| Complete 
| 217|0x00000000ed900000, 0x00000000eda00000, 0x00000000eda00000|100%| E|CS|TAMS 0x00000000ed900000, 0x00000000ed900000| Complete 
| 218|0x00000000eda00000, 0x00000000edb00000, 0x00000000edb00000|100%| E|CS|TAMS 0x00000000eda00000, 0x00000000eda00000| Complete 
| 219|0x00000000edb00000, 0x00000000edc00000, 0x00000000edc00000|100%| E|CS|TAMS 0x00000000edb00000, 0x00000000edb00000| Complete 
| 220|0x00000000edc00000, 0x00000000edd00000, 0x00000000edd00000|100%| E|CS|TAMS 0x00000000edc00000, 0x00000000edc00000| Complete 
| 221|0x00000000edd00000, 0x00000000ede00000, 0x00000000ede00000|100%| E|CS|TAMS 0x00000000edd00000, 0x00000000edd00000| Complete 
| 222|0x00000000ede00000, 0x00000000edf00000, 0x00000000edf00000|100%| E|CS|TAMS 0x00000000ede00000, 0x00000000ede00000| Complete 
| 223|0x00000000edf00000, 0x00000000edfffc78, 0x00000000ee000000| 99%| E|CS|TAMS 0x00000000edf00000, 0x00000000edf00000| Complete 
| 224|0x00000000ee000000, 0x00000000ee100000, 0x00000000ee100000|100%| E|CS|TAMS 0x00000000ee000000, 0x00000000ee000000| Complete 
| 225|0x00000000ee100000, 0x00000000ee200000, 0x00000000ee200000|100%| E|CS|TAMS 0x00000000ee100000, 0x00000000ee100000| Complete 
| 226|0x00000000ee200000, 0x00000000ee300000, 0x00000000ee300000|100%| E|CS|TAMS 0x00000000ee200000, 0x00000000ee200000| Complete 
| 227|0x00000000ee300000, 0x00000000ee359880, 0x00000000ee400000| 34%| E|CS|TAMS 0x00000000ee300000, 0x00000000ee300000| Complete 
| 228|0x00000000ee400000, 0x00000000ee500000, 0x00000000ee500000|100%| E|CS|TAMS 0x00000000ee400000, 0x00000000ee400000| Complete 
| 229|0x00000000ee500000, 0x00000000ee600000, 0x00000000ee600000|100%| E|CS|TAMS 0x00000000ee500000, 0x00000000ee500000| Complete 
| 230|0x00000000ee600000, 0x00000000ee700000, 0x00000000ee700000|100%| E|CS|TAMS 0x00000000ee600000, 0x00000000ee600000| Complete 
| 231|0x00000000ee700000, 0x00000000ee800000, 0x00000000ee800000|100%| E|CS|TAMS 0x00000000ee700000, 0x00000000ee700000| Complete 
| 232|0x00000000ee800000, 0x00000000ee900000, 0x00000000ee900000|100%| E|CS|TAMS 0x00000000ee800000, 0x00000000ee800000| Complete 
| 233|0x00000000ee900000, 0x00000000eea00000, 0x00000000eea00000|100%| E|CS|TAMS 0x00000000ee900000, 0x00000000ee900000| Complete 
| 234|0x00000000eea00000, 0x00000000eeb00000, 0x00000000eeb00000|100%| E|CS|TAMS 0x00000000eea00000, 0x00000000eea00000| Complete 
| 235|0x00000000eeb00000, 0x00000000eec00000, 0x00000000eec00000|100%| E|CS|TAMS 0x00000000eeb00000, 0x00000000eeb00000| Complete 
| 236|0x00000000eec00000, 0x00000000eed00000, 0x00000000eed00000|100%| E|CS|TAMS 0x00000000eec00000, 0x00000000eec00000| Complete 
| 237|0x00000000eed00000, 0x00000000eee00000, 0x00000000eee00000|100%| E|CS|TAMS 0x00000000eed00000, 0x00000000eed00000| Complete 
| 238|0x00000000eee00000, 0x00000000eef00000, 0x00000000eef00000|100%| E|CS|TAMS 0x00000000eee00000, 0x00000000eee00000| Complete 
| 239|0x00000000eef00000, 0x00000000ef000000, 0x00000000ef000000|100%| E|CS|TAMS 0x00000000eef00000, 0x00000000eef00000| Complete 
| 240|0x00000000ef000000, 0x00000000ef100000, 0x00000000ef100000|100%| E|CS|TAMS 0x00000000ef000000, 0x00000000ef000000| Complete 
| 241|0x00000000ef100000, 0x00000000ef200000, 0x00000000ef200000|100%| E|CS|TAMS 0x00000000ef100000, 0x00000000ef100000| Complete 
| 242|0x00000000ef200000, 0x00000000ef300000, 0x00000000ef300000|100%| E|CS|TAMS 0x00000000ef200000, 0x00000000ef200000| Complete 
| 243|0x00000000ef300000, 0x00000000ef400000, 0x00000000ef400000|100%| E|CS|TAMS 0x00000000ef300000, 0x00000000ef300000| Complete 
| 244|0x00000000ef400000, 0x00000000ef500000, 0x00000000ef500000|100%| E|CS|TAMS 0x00000000ef400000, 0x00000000ef400000| Complete 
| 245|0x00000000ef500000, 0x00000000ef600000, 0x00000000ef600000|100%| E|CS|TAMS 0x00000000ef500000, 0x00000000ef500000| Complete 
| 246|0x00000000ef600000, 0x00000000ef700000, 0x00000000ef700000|100%| E|CS|TAMS 0x00000000ef600000, 0x00000000ef600000| Complete 
| 247|0x00000000ef700000, 0x00000000ef800000, 0x00000000ef800000|100%| E|CS|TAMS 0x00000000ef700000, 0x00000000ef700000| Complete 
| 248|0x00000000ef800000, 0x00000000ef900000, 0x00000000ef900000|100%| E|CS|TAMS 0x00000000ef800000, 0x00000000ef800000| Complete 
| 249|0x00000000ef900000, 0x00000000efa00000, 0x00000000efa00000|100%| E|CS|TAMS 0x00000000ef900000, 0x00000000ef900000| Complete 
| 250|0x00000000efa00000, 0x00000000efb00000, 0x00000000efb00000|100%| E|CS|TAMS 0x00000000efa00000, 0x00000000efa00000| Complete 
| 251|0x00000000efb00000, 0x00000000efc00000, 0x00000000efc00000|100%| E|CS|TAMS 0x00000000efb00000, 0x00000000efb00000| Complete 
| 252|0x00000000efc00000, 0x00000000efd00000, 0x00000000efd00000|100%| E|CS|TAMS 0x00000000efc00000, 0x00000000efc00000| Complete 
| 253|0x00000000efd00000, 0x00000000efe00000, 0x00000000efe00000|100%| E|CS|TAMS 0x00000000efd00000, 0x00000000efd00000| Complete 
| 254|0x00000000efe00000, 0x00000000eff00000, 0x00000000eff00000|100%| E|CS|TAMS 0x00000000efe00000, 0x00000000efe00000| Complete 
| 255|0x00000000eff00000, 0x00000000f0000000, 0x00000000f0000000|100%| E|CS|TAMS 0x00000000eff00000, 0x00000000eff00000| Complete 
| 256|0x00000000f0000000, 0x00000000f0100000, 0x00000000f0100000|100%| E|CS|TAMS 0x00000000f0000000, 0x00000000f0000000| Complete 
| 257|0x00000000f0100000, 0x00000000f0200000, 0x00000000f0200000|100%| E|CS|TAMS 0x00000000f0100000, 0x00000000f0100000| Complete 
| 258|0x00000000f0200000, 0x00000000f0300000, 0x00000000f0300000|100%| E|CS|TAMS 0x00000000f0200000, 0x00000000f0200000| Complete 
| 259|0x00000000f0300000, 0x00000000f0400000, 0x00000000f0400000|100%| E|CS|TAMS 0x00000000f0300000, 0x00000000f0300000| Complete 

Card table byte_map: [0x0000028d1f130000,0x0000028d1f230000] _byte_map_base: 0x0000028d1ea30000

Marking Bits (Prev, Next): (CMBitMap*) 0x0000028d05128410, (CMBitMap*) 0x0000028d051283d8
 Prev Bits: [0x0000028d1fb30000, 0x0000028d20330000)
 Next Bits: [0x0000028d1f330000, 0x0000028d1fb30000)

Polling page: 0x0000028d051e0000

Metaspace:

Usage:
  Non-class:     44.50 MB capacity,    43.67 MB ( 98%) used,   700.73 KB (  2%) free+waste,   141.56 KB ( <1%) overhead. 
      Class:      6.83 MB capacity,     6.33 MB ( 93%) used,   447.25 KB (  6%) free+waste,    67.63 KB ( <1%) overhead. 
       Both:     51.32 MB capacity,    50.00 MB ( 97%) used,     1.12 MB (  2%) free+waste,   209.19 KB ( <1%) overhead. 

Virtual space:
  Non-class space:       46.00 MB reserved,      44.67 MB ( 97%) committed 
      Class space:      248.00 MB reserved,       6.88 MB (  3%) committed 
             Both:      294.00 MB reserved,      51.55 MB ( 18%) committed 

Chunk freelists:
   Non-Class:  52.00 KB
       Class:  25.00 KB
        Both:  77.00 KB

MaxMetaspaceSize: 256.00 MB
CompressedClassSpaceSize: 248.00 MB
Initial GC threshold: 20.80 MB
Current GC threshold: 85.91 MB
CDS: off

CodeHeap 'non-profiled nmethods': size=119168Kb used=8371Kb max_used=8371Kb free=110796Kb
 bounds [0x0000028d16c20000, 0x0000028d17450000, 0x0000028d1e080000]
CodeHeap 'profiled nmethods': size=119168Kb used=15106Kb max_used=15106Kb free=104061Kb
 bounds [0x0000028d0f7c0000, 0x0000028d10690000, 0x0000028d16c20000]
CodeHeap 'non-nmethods': size=7424Kb used=2868Kb max_used=4128Kb free=4555Kb
 bounds [0x0000028d0f080000, 0x0000028d0f4a0000, 0x0000028d0f7c0000]
 total_blobs=7653 nmethods=6845 adapters=719
 compilation: enabled
              stopped_count=0, restarted_count=0
 full_count=0

Compilation events (20 events):
Event: 14.579 Thread 0x0000028d265e1000 6855       3       org.gradle.internal.classpath.InstrumentingBackwardsCompatibilityVisitor$BackwardCompatibilityMethodVisitor::visitMultiANewArrayInsn (12 bytes)
Event: 14.579 Thread 0x0000028d23c58800 6856       3       org.objectweb.asm.MethodWriter::visitMultiANewArrayInsn (97 bytes)
Event: 14.579 Thread 0x0000028d265e1000 nmethod 6855 0x0000028d1067e310 code [0x0000028d1067e4e0, 0x0000028d1067e7d8]
Event: 14.579 Thread 0x0000028d23c58800 nmethod 6856 0x0000028d1067e910 code [0x0000028d1067eb20, 0x0000028d1067ef58]
Event: 14.752 Thread 0x0000028d23c54000 6857       4       java.util.concurrent.locks.AbstractQueuedSynchronizer::release (33 bytes)
Event: 14.753 Thread 0x0000028d23c54000 nmethod 6857 0x0000028d17441b10 code [0x0000028d17441cc0, 0x0000028d17441d88]
Event: 14.940 Thread 0x0000028d23c54000 6858       4       java.lang.String::valueOf (14 bytes)
Event: 14.941 Thread 0x0000028d23c54000 nmethod 6858 0x0000028d17441e90 code [0x0000028d17442020, 0x0000028d17442098]
Event: 15.150 Thread 0x0000028d265e1000 6859       3       org.apache.tools.zip.ZipOutputStream::writeOut (31 bytes)
Event: 15.150 Thread 0x0000028d265e1000 nmethod 6859 0x0000028d1067f190 code [0x0000028d1067f360, 0x0000028d1067f598]
Event: 15.151 Thread 0x0000028d23c54000 6860       4       org.apache.tools.zip.ZipOutputStream$CurrentEntry::access$314 (12 bytes)
Event: 15.151 Thread 0x0000028d23c54000 nmethod 6860 0x0000028d17442190 code [0x0000028d17442320, 0x0000028d17442378]
Event: 15.151 Thread 0x0000028d23c58800 6861       3       org.apache.tools.zip.ZipOutputStream::writeDeflated (129 bytes)
Event: 15.151 Thread 0x0000028d23c58800 nmethod 6861 0x0000028d1067f690 code [0x0000028d1067f940, 0x0000028d10680428]
Event: 15.353 Thread 0x0000028d23c54000 6862       4       org.apache.tools.zip.ZipOutputStream::writeDeflated (129 bytes)
Event: 15.388 Thread 0x0000028d23c54000 nmethod 6862 0x0000028d17442490 code [0x0000028d174427e0, 0x0000028d174460a8]
Event: 15.388 Thread 0x0000028d23c54000 6863       4       org.objectweb.asm.ClassReader::readElementValue (1237 bytes)
Event: 15.424 Thread 0x0000028d23c54000 nmethod 6863 0x0000028d17447890 code [0x0000028d17447d40, 0x0000028d1744aa20]
Event: 15.436 Thread 0x0000028d23c54000 6864       4       org.objectweb.asm.Type::getTypeInternal (199 bytes)
Event: 15.438 Thread 0x0000028d23c54000 nmethod 6864 0x0000028d1744c590 code [0x0000028d1744c760, 0x0000028d1744ccb8]

GC Heap History (20 events):
Event: 14.380 GC heap after
{Heap after GC invocations=59 (full 0):
 garbage-first heap   total 266240K, used 123795K [0x00000000e0000000, 0x0000000100000000)
  region size 1024K, 9 young (9216K), 9 survivors (9216K)
 Metaspace       used 51245K, capacity 52631K, committed 52784K, reserved 301056K
  class space    used 6494K, capacity 7017K, committed 7040K, reserved 253952K
}
Event: 14.479 GC heap before
{Heap before GC invocations=59 (full 0):
 garbage-first heap   total 266240K, used 231315K [0x00000000e0000000, 0x0000000100000000)
  region size 1024K, 112 young (114688K), 9 survivors (9216K)
 Metaspace       used 51246K, capacity 52631K, committed 52784K, reserved 301056K
  class space    used 6494K, capacity 7017K, committed 7040K, reserved 253952K
}
Event: 14.482 GC heap after
{Heap after GC invocations=60 (full 0):
 garbage-first heap   total 266240K, used 118605K [0x00000000e0000000, 0x0000000100000000)
  region size 1024K, 6 young (6144K), 6 survivors (6144K)
 Metaspace       used 51246K, capacity 52631K, committed 52784K, reserved 301056K
  class space    used 6494K, capacity 7017K, committed 7040K, reserved 253952K
}
Event: 14.623 GC heap before
{Heap before GC invocations=60 (full 0):
 garbage-first heap   total 266240K, used 232269K [0x00000000e0000000, 0x0000000100000000)
  region size 1024K, 117 young (119808K), 6 survivors (6144K)
 Metaspace       used 51247K, capacity 52631K, committed 52784K, reserved 301056K
  class space    used 6494K, capacity 7017K, committed 7040K, reserved 253952K
}
Event: 14.627 GC heap after
{Heap after GC invocations=61 (full 0):
 garbage-first heap   total 266240K, used 119671K [0x00000000e0000000, 0x0000000100000000)
  region size 1024K, 7 young (7168K), 7 survivors (7168K)
 Metaspace       used 51247K, capacity 52631K, committed 52784K, reserved 301056K
  class space    used 6494K, capacity 7017K, committed 7040K, reserved 253952K
}
Event: 14.760 GC heap before
{Heap before GC invocations=61 (full 0):
 garbage-first heap   total 266240K, used 231287K [0x00000000e0000000, 0x0000000100000000)
  region size 1024K, 116 young (118784K), 7 survivors (7168K)
 Metaspace       used 51247K, capacity 52631K, committed 52784K, reserved 301056K
  class space    used 6494K, capacity 7017K, committed 7040K, reserved 253952K
}
Event: 14.764 GC heap after
{Heap after GC invocations=62 (full 0):
 garbage-first heap   total 266240K, used 120761K [0x00000000e0000000, 0x0000000100000000)
  region size 1024K, 8 young (8192K), 8 survivors (8192K)
 Metaspace       used 51247K, capacity 52631K, committed 52784K, reserved 301056K
  class space    used 6494K, capacity 7017K, committed 7040K, reserved 253952K
}
Event: 14.897 GC heap before
{Heap before GC invocations=62 (full 0):
 garbage-first heap   total 266240K, used 232377K [0x00000000e0000000, 0x0000000100000000)
  region size 1024K, 115 young (117760K), 8 survivors (8192K)
 Metaspace       used 51247K, capacity 52631K, committed 52784K, reserved 301056K
  class space    used 6494K, capacity 7017K, committed 7040K, reserved 253952K
}
Event: 14.901 GC heap after
{Heap after GC invocations=63 (full 0):
 garbage-first heap   total 266240K, used 121876K [0x00000000e0000000, 0x0000000100000000)
  region size 1024K, 9 young (9216K), 9 survivors (9216K)
 Metaspace       used 51247K, capacity 52631K, committed 52784K, reserved 301056K
  class space    used 6494K, capacity 7017K, committed 7040K, reserved 253952K
}
Event: 15.029 GC heap before
{Heap before GC invocations=63 (full 0):
 garbage-first heap   total 266240K, used 228372K [0x00000000e0000000, 0x0000000100000000)
  region size 1024K, 114 young (116736K), 9 survivors (9216K)
 Metaspace       used 51247K, capacity 52631K, committed 52784K, reserved 301056K
  class space    used 6494K, capacity 7017K, committed 7040K, reserved 253952K
}
Event: 15.034 GC heap after
{Heap after GC invocations=64 (full 0):
 garbage-first heap   total 266240K, used 122547K [0x00000000e0000000, 0x0000000100000000)
  region size 1024K, 9 young (9216K), 9 survivors (9216K)
 Metaspace       used 51247K, capacity 52631K, committed 52784K, reserved 301056K
  class space    used 6494K, capacity 7017K, committed 7040K, reserved 253952K
}
Event: 15.181 GC heap before
{Heap before GC invocations=64 (full 0):
 garbage-first heap   total 266240K, used 231091K [0x00000000e0000000, 0x0000000100000000)
  region size 1024K, 114 young (116736K), 9 survivors (9216K)
 Metaspace       used 51247K, capacity 52631K, committed 52784K, reserved 301056K
  class space    used 6494K, capacity 7017K, committed 7040K, reserved 253952K
}
Event: 15.186 GC heap after
{Heap after GC invocations=65 (full 0):
 garbage-first heap   total 266240K, used 123951K [0x00000000e0000000, 0x0000000100000000)
  region size 1024K, 10 young (10240K), 10 survivors (10240K)
 Metaspace       used 51247K, capacity 52631K, committed 52784K, reserved 301056K
  class space    used 6494K, capacity 7017K, committed 7040K, reserved 253952K
}
Event: 15.341 GC heap before
{Heap before GC invocations=65 (full 0):
 garbage-first heap   total 266240K, used 231471K [0x00000000e0000000, 0x0000000100000000)
  region size 1024K, 112 young (114688K), 10 survivors (10240K)
 Metaspace       used 51247K, capacity 52631K, committed 52784K, reserved 301056K
  class space    used 6494K, capacity 7017K, committed 7040K, reserved 253952K
}
Event: 15.346 GC heap after
{Heap after GC invocations=66 (full 0):
 garbage-first heap   total 266240K, used 125019K [0x00000000e0000000, 0x0000000100000000)
  region size 1024K, 9 young (9216K), 9 survivors (9216K)
 Metaspace       used 51247K, capacity 52631K, committed 52784K, reserved 301056K
  class space    used 6494K, capacity 7017K, committed 7040K, reserved 253952K
}
Event: 15.474 GC heap before
{Heap before GC invocations=66 (full 0):
 garbage-first heap   total 266240K, used 228443K [0x00000000e0000000, 0x0000000100000000)
  region size 1024K, 111 young (113664K), 9 survivors (9216K)
 Metaspace       used 51247K, capacity 52631K, committed 52784K, reserved 301056K
  class space    used 6494K, capacity 7017K, committed 7040K, reserved 253952K
}
Event: 15.479 GC heap after
{Heap after GC invocations=67 (full 0):
 garbage-first heap   total 266240K, used 125999K [0x00000000e0000000, 0x0000000100000000)
  region size 1024K, 9 young (9216K), 9 survivors (9216K)
 Metaspace       used 51247K, capacity 52631K, committed 52784K, reserved 301056K
  class space    used 6494K, capacity 7017K, committed 7040K, reserved 253952K
}
Event: 15.509 GC heap before
{Heap before GC invocations=67 (full 0):
 garbage-first heap   total 266240K, used 152623K [0x00000000e0000000, 0x0000000100000000)
  region size 1024K, 34 young (34816K), 9 survivors (9216K)
 Metaspace       used 51247K, capacity 52631K, committed 52784K, reserved 301056K
  class space    used 6494K, capacity 7017K, committed 7040K, reserved 253952K
}
Event: 15.514 GC heap after
{Heap after GC invocations=68 (full 0):
 garbage-first heap   total 266240K, used 128964K [0x00000000e0000000, 0x0000000100000000)
  region size 1024K, 8 young (8192K), 8 survivors (8192K)
 Metaspace       used 51247K, capacity 52631K, committed 52784K, reserved 301056K
  class space    used 6494K, capacity 7017K, committed 7040K, reserved 253952K
}
Event: 15.643 GC heap before
{Heap before GC invocations=69 (full 0):
 garbage-first heap   total 266240K, used 230340K [0x00000000e0000000, 0x0000000100000000)
  region size 1024K, 104 young (106496K), 8 survivors (8192K)
 Metaspace       used 51198K, capacity 52556K, committed 52784K, reserved 301056K
  class space    used 6477K, capacity 6992K, committed 7040K, reserved 253952K
}

Deoptimization events (20 events):
Event: 14.940 Thread 0x0000028d25e0d800 Uncommon trap: trap_request=0xffffffd6 fr.pc=0x0000028d17413918 relative=0x00000000000007b8
Event: 14.940 Thread 0x0000028d25e0d800 Uncommon trap: reason=array_check action=maybe_recompile pc=0x0000028d17413918 method=java.util.ComparableTimSort.reverseRange([Ljava/lang/Object;II)V @ 20 c2
Event: 14.940 Thread 0x0000028d25e0d800 DEOPT PACKING pc=0x0000028d17413918 sp=0x000000ef030fe270
Event: 14.940 Thread 0x0000028d25e0d800 DEOPT UNPACKING pc=0x0000028d0f0ca1af sp=0x000000ef030fe1a8 mode 2
Event: 14.940 Thread 0x0000028d25e0d800 Uncommon trap: trap_request=0xffffffd6 fr.pc=0x0000028d17413918 relative=0x00000000000007b8
Event: 14.940 Thread 0x0000028d25e0d800 Uncommon trap: reason=array_check action=maybe_recompile pc=0x0000028d17413918 method=java.util.ComparableTimSort.reverseRange([Ljava/lang/Object;II)V @ 20 c2
Event: 14.940 Thread 0x0000028d25e0d800 DEOPT PACKING pc=0x0000028d17413918 sp=0x000000ef030fe270
Event: 14.940 Thread 0x0000028d25e0d800 DEOPT UNPACKING pc=0x0000028d0f0ca1af sp=0x000000ef030fe1a8 mode 2
Event: 14.940 Thread 0x0000028d25e0d800 Uncommon trap: trap_request=0xffffffd6 fr.pc=0x0000028d17413918 relative=0x00000000000007b8
Event: 14.940 Thread 0x0000028d25e0d800 Uncommon trap: reason=array_check action=maybe_recompile pc=0x0000028d17413918 method=java.util.ComparableTimSort.reverseRange([Ljava/lang/Object;II)V @ 20 c2
Event: 14.940 Thread 0x0000028d25e0d800 DEOPT PACKING pc=0x0000028d17413918 sp=0x000000ef030fe270
Event: 14.940 Thread 0x0000028d25e0d800 DEOPT UNPACKING pc=0x0000028d0f0ca1af sp=0x000000ef030fe1a8 mode 2
Event: 14.940 Thread 0x0000028d25e0d800 Uncommon trap: trap_request=0xffffffd6 fr.pc=0x0000028d17413918 relative=0x00000000000007b8
Event: 14.940 Thread 0x0000028d25e0d800 Uncommon trap: reason=array_check action=maybe_recompile pc=0x0000028d17413918 method=java.util.ComparableTimSort.reverseRange([Ljava/lang/Object;II)V @ 20 c2
Event: 14.940 Thread 0x0000028d25e0d800 DEOPT PACKING pc=0x0000028d17413918 sp=0x000000ef030fe270
Event: 14.940 Thread 0x0000028d25e0d800 DEOPT UNPACKING pc=0x0000028d0f0ca1af sp=0x000000ef030fe1a8 mode 2
Event: 15.149 Thread 0x0000028d29596800 Uncommon trap: trap_request=0xffffff4d fr.pc=0x0000028d171439e4 relative=0x0000000000002b04
Event: 15.149 Thread 0x0000028d29596800 Uncommon trap: reason=unstable_if action=reinterpret pc=0x0000028d171439e4 method=org.apache.tools.zip.ZipOutputStream.writeDeflated([BII)V @ 105 c2
Event: 15.149 Thread 0x0000028d29596800 DEOPT PACKING pc=0x0000028d171439e4 sp=0x000000ef053fe4b0
Event: 15.149 Thread 0x0000028d29596800 DEOPT UNPACKING pc=0x0000028d0f0ca1af sp=0x000000ef053fe4b8 mode 2

Classes redefined (0 events):
No events

Internal exceptions (20 events):
Event: 12.179 Thread 0x0000028d29591000 Exception <a 'sun/nio/fs/WindowsException'{0x00000000eff3dcf0}> (0x00000000eff3dcf0) thrown at [./src/hotspot/share/prims/jni.cpp, line 617]
Event: 12.179 Thread 0x0000028d25dd1800 Exception <a 'sun/nio/fs/WindowsException'{0x00000000efed5530}> (0x00000000efed5530) thrown at [./src/hotspot/share/prims/jni.cpp, line 617]
Event: 12.181 Thread 0x0000028d25dd1800 Exception <a 'sun/nio/fs/WindowsException'{0x00000000efed56c8}> (0x00000000efed56c8) thrown at [./src/hotspot/share/prims/jni.cpp, line 617]
Event: 12.181 Thread 0x0000028d2958e800 Exception <a 'sun/nio/fs/WindowsException'{0x00000000ef05cd40}> (0x00000000ef05cd40) thrown at [./src/hotspot/share/prims/jni.cpp, line 617]
Event: 12.182 Thread 0x0000028d2958e800 Exception <a 'sun/nio/fs/WindowsException'{0x00000000ef05cec8}> (0x00000000ef05cec8) thrown at [./src/hotspot/share/prims/jni.cpp, line 617]
Event: 12.182 Thread 0x0000028d29594000 Exception <a 'sun/nio/fs/WindowsException'{0x00000000eeccc3b0}> (0x00000000eeccc3b0) thrown at [./src/hotspot/share/prims/jni.cpp, line 617]
Event: 12.183 Thread 0x0000028d29591000 Implicit null exception at 0x0000028d16fe60c3 to 0x0000028d16fe89cc
Event: 12.187 Thread 0x0000028d29594000 Exception <a 'sun/nio/fs/WindowsException'{0x00000000eeccc588}> (0x00000000eeccc588) thrown at [./src/hotspot/share/prims/jni.cpp, line 617]
Event: 12.188 Thread 0x0000028d29595000 Exception <a 'sun/nio/fs/WindowsException'{0x00000000ee13f148}> (0x00000000ee13f148) thrown at [./src/hotspot/share/prims/jni.cpp, line 617]
Event: 12.189 Thread 0x0000028d29596800 Exception <a 'sun/nio/fs/WindowsException'{0x00000000edeb6328}> (0x00000000edeb6328) thrown at [./src/hotspot/share/prims/jni.cpp, line 617]
Event: 12.223 Thread 0x0000028d2958c000 Exception <a 'sun/nio/fs/WindowsException'{0x00000000ebb6d600}> (0x00000000ebb6d600) thrown at [./src/hotspot/share/prims/jni.cpp, line 617]
Event: 12.224 Thread 0x0000028d2958c000 Exception <a 'sun/nio/fs/WindowsException'{0x00000000ebb6d7e0}> (0x00000000ebb6d7e0) thrown at [./src/hotspot/share/prims/jni.cpp, line 617]
Event: 12.257 Thread 0x0000028d2958d800 Exception <a 'sun/nio/fs/WindowsException'{0x00000000e9160968}> (0x00000000e9160968) thrown at [./src/hotspot/share/prims/jni.cpp, line 617]
Event: 12.258 Thread 0x0000028d2958d800 Exception <a 'sun/nio/fs/WindowsException'{0x00000000e9160af8}> (0x00000000e9160af8) thrown at [./src/hotspot/share/prims/jni.cpp, line 617]
Event: 12.781 Thread 0x0000028d29591000 Exception <a 'sun/nio/fs/WindowsException'{0x00000000ece7d590}> (0x00000000ece7d590) thrown at [./src/hotspot/share/prims/jni.cpp, line 617]
Event: 12.781 Thread 0x0000028d29591000 Exception <a 'sun/nio/fs/WindowsException'{0x00000000ece7d708}> (0x00000000ece7d708) thrown at [./src/hotspot/share/prims/jni.cpp, line 617]
Event: 14.057 Thread 0x0000028d25dd7800 Exception <a 'sun/nio/fs/WindowsException'{0x00000000ed443080}> (0x00000000ed443080) thrown at [./src/hotspot/share/prims/jni.cpp, line 617]
Event: 14.057 Thread 0x0000028d25dd7800 Exception <a 'sun/nio/fs/WindowsException'{0x00000000ed443220}> (0x00000000ed443220) thrown at [./src/hotspot/share/prims/jni.cpp, line 617]
Event: 14.410 Thread 0x0000028d29595000 Exception <a 'sun/nio/fs/WindowsException'{0x00000000ed7bb890}> (0x00000000ed7bb890) thrown at [./src/hotspot/share/prims/jni.cpp, line 617]
Event: 14.412 Thread 0x0000028d29595000 Exception <a 'sun/nio/fs/WindowsException'{0x00000000ed7bba58}> (0x00000000ed7bba58) thrown at [./src/hotspot/share/prims/jni.cpp, line 617]

Events (20 events):
Event: 14.760 Executing VM operation: G1CollectForAllocation
Event: 14.764 Executing VM operation: G1CollectForAllocation done
Event: 14.897 Executing VM operation: G1CollectForAllocation
Event: 14.901 Executing VM operation: G1CollectForAllocation done
Event: 14.940 Thread 0x0000028d23e12000 Thread exited: 0x0000028d23e12000
Event: 15.029 Executing VM operation: G1CollectForAllocation
Event: 15.034 Executing VM operation: G1CollectForAllocation done
Event: 15.180 Executing VM operation: G1CollectForAllocation
Event: 15.186 Executing VM operation: G1CollectForAllocation done
Event: 15.341 Executing VM operation: G1CollectForAllocation
Event: 15.346 Executing VM operation: G1CollectForAllocation done
Event: 15.474 Executing VM operation: G1CollectForAllocation
Event: 15.479 Executing VM operation: G1CollectForAllocation done
Event: 15.508 Executing VM operation: G1CollectForAllocation
Event: 15.514 Executing VM operation: G1CollectForAllocation done
Event: 15.529 Executing VM operation: CGC_Operation
Event: 15.538 Executing VM operation: CGC_Operation done
Event: 15.546 Executing VM operation: CGC_Operation
Event: 15.546 Executing VM operation: CGC_Operation done
Event: 15.643 Executing VM operation: G1CollectForAllocation


Dynamic libraries:
0x00007ff7be0f0000 - 0x00007ff7be0fd000 	C:\Users\namhyunwoo\.jdks\corretto-11.0.17\bin\java.exe
0x00007ffbec840000 - 0x00007ffbeca49000 	C:\WINDOWS\SYSTEM32\ntdll.dll
0x00007ffbeab70000 - 0x00007ffbeac2e000 	C:\WINDOWS\System32\KERNEL32.DLL
0x00007ffbe9d10000 - 0x00007ffbea08b000 	C:\WINDOWS\System32\KERNELBASE.dll
0x00007ffbea320000 - 0x00007ffbea431000 	C:\WINDOWS\System32\ucrtbase.dll
0x00007ffbd9c70000 - 0x00007ffbd9c87000 	C:\Users\namhyunwoo\.jdks\corretto-11.0.17\bin\jli.dll
0x00007ffbd9390000 - 0x00007ffbd93a9000 	C:\Users\namhyunwoo\.jdks\corretto-11.0.17\bin\VCRUNTIME140.dll
0x00007ffbea770000 - 0x00007ffbea91d000 	C:\WINDOWS\System32\USER32.dll
0x00007ffbd57a0000 - 0x00007ffbd5a45000 	C:\WINDOWS\WinSxS\amd64_microsoft.windows.common-controls_6595b64144ccf1df_6.0.22000.120_none_9d947278b86cc467\COMCTL32.dll
0x00007ffbea620000 - 0x00007ffbea646000 	C:\WINDOWS\System32\win32u.dll
0x00007ffbebb80000 - 0x00007ffbebc23000 	C:\WINDOWS\System32\msvcrt.dll
0x00007ffbeb9b0000 - 0x00007ffbeb9d9000 	C:\WINDOWS\System32\GDI32.dll
0x00007ffbea200000 - 0x00007ffbea318000 	C:\WINDOWS\System32\gdi32full.dll
0x00007ffbea440000 - 0x00007ffbea4dd000 	C:\WINDOWS\System32\msvcp_win.dll
0x00007ffbeb540000 - 0x00007ffbeb572000 	C:\WINDOWS\System32\IMM32.DLL
0x00007ffbcb710000 - 0x00007ffbcb7ab000 	C:\Users\namhyunwoo\.jdks\corretto-11.0.17\bin\msvcp140.dll
0x00007ffbb2020000 - 0x00007ffbb2ba5000 	C:\Users\namhyunwoo\.jdks\corretto-11.0.17\bin\server\jvm.dll
0x00007ffbeb7e0000 - 0x00007ffbeb88e000 	C:\WINDOWS\System32\ADVAPI32.dll
0x00007ffbebfa0000 - 0x00007ffbec03e000 	C:\WINDOWS\System32\sechost.dll
0x00007ffbeac30000 - 0x00007ffbead50000 	C:\WINDOWS\System32\RPCRT4.dll
0x00007ffbeab60000 - 0x00007ffbeab68000 	C:\WINDOWS\System32\PSAPI.DLL
0x00007ffb98170000 - 0x00007ffb98179000 	C:\WINDOWS\SYSTEM32\WSOCK32.dll
0x00007ffbdb050000 - 0x00007ffbdb083000 	C:\WINDOWS\SYSTEM32\WINMM.dll
0x00007ffbe2fc0000 - 0x00007ffbe2fca000 	C:\WINDOWS\SYSTEM32\VERSION.dll
0x00007ffbeb580000 - 0x00007ffbeb5ef000 	C:\WINDOWS\System32\WS2_32.dll
0x00007ffbe8d50000 - 0x00007ffbe8d68000 	C:\WINDOWS\SYSTEM32\kernel.appcore.dll
0x00007ffbe6900000 - 0x00007ffbe6910000 	C:\Users\namhyunwoo\.jdks\corretto-11.0.17\bin\verify.dll
0x00007ffbd7dc0000 - 0x00007ffbd7fe1000 	C:\WINDOWS\SYSTEM32\DBGHELP.DLL
0x00007ffbd81e0000 - 0x00007ffbd8211000 	C:\WINDOWS\SYSTEM32\dbgcore.DLL
0x00007ffbea5a0000 - 0x00007ffbea61f000 	C:\WINDOWS\System32\bcryptPrimitives.dll
0x00007ffbd9200000 - 0x00007ffbd9228000 	C:\Users\namhyunwoo\.jdks\corretto-11.0.17\bin\java.dll
0x00007ffbe6870000 - 0x00007ffbe687a000 	C:\Users\namhyunwoo\.jdks\corretto-11.0.17\bin\jimage.dll
0x00007ffbd9350000 - 0x00007ffbd9368000 	C:\Users\namhyunwoo\.jdks\corretto-11.0.17\bin\zip.dll
0x00007ffbec040000 - 0x00007ffbec7f8000 	C:\WINDOWS\System32\SHELL32.dll
0x00007ffbe7dc0000 - 0x00007ffbe8625000 	C:\WINDOWS\SYSTEM32\windows.storage.dll
0x00007ffbead50000 - 0x00007ffbeb0c8000 	C:\WINDOWS\System32\combase.dll
0x00007ffbe7c50000 - 0x00007ffbe7db6000 	C:\WINDOWS\SYSTEM32\wintypes.dll
0x00007ffbea990000 - 0x00007ffbeaa7a000 	C:\WINDOWS\System32\SHCORE.dll
0x00007ffbebaa0000 - 0x00007ffbebafd000 	C:\WINDOWS\System32\shlwapi.dll
0x00007ffbe9c40000 - 0x00007ffbe9c61000 	C:\WINDOWS\SYSTEM32\profapi.dll
0x00007ffbd05c0000 - 0x00007ffbd05d9000 	C:\Users\namhyunwoo\.jdks\corretto-11.0.17\bin\net.dll
0x00007ffbe4930000 - 0x00007ffbe4a44000 	C:\WINDOWS\SYSTEM32\WINHTTP.dll
0x00007ffbe91e0000 - 0x00007ffbe9247000 	C:\WINDOWS\system32\mswsock.dll
0x00007ffbd04d0000 - 0x00007ffbd04e3000 	C:\Users\namhyunwoo\.jdks\corretto-11.0.17\bin\nio.dll
0x00007ffbe6160000 - 0x00007ffbe6187000 	C:\Users\namhyunwoo\.gradle\native\e1d6ef7f7dcc3fd88c89a11ec53ec762bb8ba0a96d01ffa2cd45eb1d1d8dd5c5\windows-amd64\native-platform.dll
0x00007ffbcb3a0000 - 0x00007ffbcb4e4000 	C:\Users\namhyunwoo\.gradle\native\0d407fdbe67a94daf76414ababcb853783967236a71b16ec16e742cd7a986fd3\windows-amd64\native-platform-file-events.dll
0x00007ffbe4ab0000 - 0x00007ffbe4ab9000 	C:\Users\namhyunwoo\.jdks\corretto-11.0.17\bin\management.dll
0x00007ffbdb240000 - 0x00007ffbdb24b000 	C:\Users\namhyunwoo\.jdks\corretto-11.0.17\bin\management_ext.dll
0x00007ffbe94c0000 - 0x00007ffbe94d8000 	C:\WINDOWS\SYSTEM32\CRYPTSP.dll
0x00007ffbe8cb0000 - 0x00007ffbe8ce5000 	C:\WINDOWS\system32\rsaenh.dll
0x00007ffbe9280000 - 0x00007ffbe92a9000 	C:\WINDOWS\SYSTEM32\USERENV.dll
0x00007ffbe9600000 - 0x00007ffbe9627000 	C:\WINDOWS\SYSTEM32\bcrypt.dll
0x00007ffbe93d0000 - 0x00007ffbe93dc000 	C:\WINDOWS\SYSTEM32\CRYPTBASE.dll
0x00007ffbe8870000 - 0x00007ffbe889d000 	C:\WINDOWS\SYSTEM32\IPHLPAPI.DLL
0x00007ffbeb7d0000 - 0x00007ffbeb7d9000 	C:\WINDOWS\System32\NSI.dll
0x00007ffbe4690000 - 0x00007ffbe46a9000 	C:\WINDOWS\SYSTEM32\dhcpcsvc6.DLL
0x00007ffbe50a0000 - 0x00007ffbe50be000 	C:\WINDOWS\SYSTEM32\dhcpcsvc.DLL
0x00007ffbe88a0000 - 0x00007ffbe8988000 	C:\WINDOWS\SYSTEM32\DNSAPI.dll

dbghelp: loaded successfully - version: 4.0.5 - missing functions: none
symbol engine: initialized successfully - sym options: 0x614 - pdb path: .;C:\Users\namhyunwoo\.jdks\corretto-11.0.17\bin;C:\WINDOWS\SYSTEM32;C:\WINDOWS\WinSxS\amd64_microsoft.windows.common-controls_6595b64144ccf1df_6.0.22000.120_none_9d947278b86cc467;C:\Users\namhyunwoo\.jdks\corretto-11.0.17\bin\server;C:\Users\namhyunwoo\.gradle\native\e1d6ef7f7dcc3fd88c89a11ec53ec762bb8ba0a96d01ffa2cd45eb1d1d8dd5c5\windows-amd64;C:\Users\namhyunwoo\.gradle\native\0d407fdbe67a94daf76414ababcb853783967236a71b16ec16e742cd7a986fd3\windows-amd64

VM Arguments:
jvm_args: --add-opens=java.base/java.util=ALL-UNNAMED --add-opens=java.base/java.lang=ALL-UNNAMED --add-opens=java.base/java.lang.invoke=ALL-UNNAMED --add-opens=java.base/java.util=ALL-UNNAMED --add-opens=java.prefs/java.util.prefs=ALL-UNNAMED --add-opens=java.prefs/java.util.prefs=ALL-UNNAMED --add-opens=java.base/java.nio.charset=ALL-UNNAMED --add-opens=java.base/java.net=ALL-UNNAMED --add-opens=java.base/java.util.concurrent.atomic=ALL-UNNAMED -XX:MaxMetaspaceSize=256m -XX:+HeapDumpOnOutOfMemoryError -Xms256m -Xmx512m -Dfile.encoding=x-windows-949 -Duser.country=KR -Duser.language=ko -Duser.variant 
java_command: org.gradle.launcher.daemon.bootstrap.GradleDaemon 7.5
java_class_path (initial): C:\Users\namhyunwoo\.gradle\wrapper\dists\gradle-7.5-bin\f1w0cc9nuo0eivz97x2xlu9sv\gradle-7.5\lib\gradle-launcher-7.5.jar
Launcher Type: SUN_STANDARD

[Global flags]
     intx CICompilerCount                          = 12                                        {product} {ergonomic}
   size_t CompressedClassSpaceSize                 = 260046848                                 {product} {ergonomic}
     uint ConcGCThreads                            = 3                                         {product} {ergonomic}
     uint G1ConcRefinementThreads                  = 13                                        {product} {ergonomic}
   size_t G1HeapRegionSize                         = 1048576                                   {product} {ergonomic}
    uintx GCDrainStackTargetSize                   = 64                                        {product} {ergonomic}
     bool HeapDumpOnOutOfMemoryError               = true                                   {manageable} {command line}
   size_t InitialHeapSize                          = 268435456                                 {product} {command line}
   size_t MarkStackSize                            = 4194304                                   {product} {ergonomic}
   size_t MaxHeapSize                              = 536870912                                 {product} {command line}
   size_t MaxMetaspaceSize                         = 268435456                                 {product} {command line}
   size_t MaxNewSize                               = 321912832                                 {product} {ergonomic}
   size_t MinHeapDeltaBytes                        = 1048576                                   {product} {ergonomic}
    uintx NonNMethodCodeHeapSize                   = 7594288                                {pd product} {ergonomic}
    uintx NonProfiledCodeHeapSize                  = 122031976                              {pd product} {ergonomic}
    uintx ProfiledCodeHeapSize                     = 122031976                              {pd product} {ergonomic}
    uintx ReservedCodeCacheSize                    = 251658240                              {pd product} {ergonomic}
     bool SegmentedCodeCache                       = true                                      {product} {ergonomic}
     bool UseCompressedClassPointers               = true                                 {lp64_product} {ergonomic}
     bool UseCompressedOops                        = true                                 {lp64_product} {ergonomic}
     bool UseG1GC                                  = true                                      {product} {ergonomic}
     bool UseLargePagesIndividualAllocation        = false                                  {pd product} {ergonomic}

Logging:
Log output configuration:
 #0: stdout all=warning uptime,level,tags
 #1: stderr all=off uptime,level,tags

Environment Variables:
JAVA_HOME=C:\Users\namhyunwoo\Downloads\jdk-11.0.16.1_windows-x64_bin\jdk-11.0.16.1
PATH=C:\WINDOWS\system32;C:\WINDOWS;C:\WINDOWS\System32\Wbem;C:\WINDOWS\System32\WindowsPowerShell\v1.0\;C:\WINDOWS\System32\OpenSSH\;C:\Program Files\TortoiseSVN\bin;C:\Program Files\Git\cmd;C:\Program Files (x86)\Java\jdk1.8.0_202\bin;C:\Program Files (x86)\MySQL\MySQL Server 5.6\bin;C:\Users\namhyunwoo\Downloads\apache-maven-3.8.6-bin\apache-maven-3.8.6\bin;C:\Program Files\nodejs\;C:\Program Files\PuTTY\;C:\Program Files\Docker\Docker\resources\bin;C:\ProgramData\DockerDesktop\version-bin;C:\mingw64\bin;C:\Users\namhyunwoo\AppData\Local\Microsoft\WindowsApps;C:\Users\namhyunwoo\AppData\Local\JetBrains\Toolbox\scripts;C:\Users\namhyunwoo\AppData\Roaming\npm;C:\Users\namhyunwoo\AppData\Local\Programs\Microsoft VS Code\bin
USERNAME=namhyunwoo
OS=Windows_NT
PROCESSOR_IDENTIFIER=Intel64 Family 6 Model 165 Stepping 5, GenuineIntel
TMP=C:\Users\NAMHYU~1\AppData\Local\Temp
TEMP=C:\Users\NAMHYU~1\AppData\Local\Temp



---------------  S Y S T E M  ---------------

OS: Windows 11 , 64 bit Build 22000 (10.0.22000.1219)
OS uptime: 0 days 20:21 hours
Hyper-V role detected

CPU:total 16 (initial active 16) (8 cores per cpu, 2 threads per core) family 6 model 165 stepping 5 microcode 0xe0, cmov, cx8, fxsr, mmx, sse, sse2, sse3, ssse3, sse4.1, sse4.2, popcnt, avx, avx2, aes, clmul, erms, 3dnowpref, lzcnt, ht, tsc, tscinvbit, bmi1, bmi2, adx, fma

Memory: 4k page, system-wide physical 16201M (4709M free)
TotalPageFile size 21577M (AvailPageFile size 8035M)
current process WorkingSet (physical memory assigned to process): 437M, peak: 557M
current process commit charge ("private bytes"): 490M, peak: 627M

vm_info: OpenJDK 64-Bit Server VM (11.0.17+8-LTS) for windows-amd64 JRE (11.0.17+8-LTS), built on Oct 14 2022 18:02:01 by "Administrator" with MS VC++ 15.9 (VS2017)

END.
